-- The C compiler identification is GNU 11.4.0
-- The CXX compiler identification is GNU 11.4.0
-- Detecting C compiler ABI info
-- Detecting C compiler ABI info - done
-- Check for working C compiler: /usr/bin/cc - skipped
-- Detecting C compile features
-- Detecting C compile features - done
-- Detecting CXX compiler ABI info
-- Detecting CXX compiler ABI info - done
-- Check for working CXX compiler: /usr/bin/c++ - skipped
-- Detecting CXX compile features
-- Detecting CXX compile features - done
-- Found ament_cmake: 1.3.13 (/opt/ros/humble/share/ament_cmake/cmake)
-- Found Python3: /usr/bin/python3 (found version "3.10.12") found components: Interpreter 
-- Override CMake install command with custom implementation using symlinks instead of copying resources
-- Found rclpy: 3.3.20 (/opt/ros/humble/share/rclpy/cmake)
-- Found std_msgs: 4.9.1 (/opt/ros/humble/share/std_msgs/cmake)
-- Found rosidl_generator_c: 3.1.8 (/opt/ros/humble/share/rosidl_generator_c/cmake)
-- Found rosidl_adapter: 3.1.8 (/opt/ros/humble/share/rosidl_adapter/cmake)
-- Found rosidl_generator_cpp: 3.1.8 (/opt/ros/humble/share/rosidl_generator_cpp/cmake)
-- Using all available rosidl_typesupport_c: rosidl_typesupport_fastrtps_c;rosidl_typesupport_introspection_c
-- Using all available rosidl_typesupport_cpp: rosidl_typesupport_fastrtps_cpp;rosidl_typesupport_introspection_cpp
-- Found sensor_msgs: 4.9.1 (/opt/ros/humble/share/sensor_msgs/cmake)
-- Found nav_msgs: 4.9.1 (/opt/ros/humble/share/nav_msgs/cmake)
-- Configuring done
-- Generating done
-- Build files have been written to: /root/Sistem-Otomasi-Robot/Robot-MiniPC/build/robot_autonomous
Built target ament_cmake_python_symlink_robot_autonomous
running egg_info
creating robot_autonomous.egg-info
writing robot_autonomous.egg-info/PKG-INFO
writing dependency_links to robot_autonomous.egg-info/dependency_links.txt
writing top-level names to robot_autonomous.egg-info/top_level.txt
writing manifest file 'robot_autonomous.egg-info/SOURCES.txt'
reading manifest file 'robot_autonomous.egg-info/SOURCES.txt'
writing manifest file 'robot_autonomous.egg-info/SOURCES.txt'
Built target ament_cmake_python_build_robot_autonomous_egg
-- Install configuration: ""
-- Execute custom install script
-- Symlinking: /root/Sistem-Otomasi-Robot/Robot-MiniPC/install/robot_autonomous/share/robot_autonomous/environment/pythonpath.sh
-- Symlinking: /root/Sistem-Otomasi-Robot/Robot-MiniPC/install/robot_autonomous/share/robot_autonomous/environment/pythonpath.dsv
-- Symlinking: /root/Sistem-Otomasi-Robot/Robot-MiniPC/install/robot_autonomous/local/lib/python3.10/dist-packages/robot_autonomous-1.0.0-py3.10.egg-info/PKG-INFO
-- Symlinking: /root/Sistem-Otomasi-Robot/Robot-MiniPC/install/robot_autonomous/local/lib/python3.10/dist-packages/robot_autonomous-1.0.0-py3.10.egg-info/SOURCES.txt
-- Symlinking: /root/Sistem-Otomasi-Robot/Robot-MiniPC/install/robot_autonomous/local/lib/python3.10/dist-packages/robot_autonomous-1.0.0-py3.10.egg-info/dependency_links.txt
-- Symlinking: /root/Sistem-Otomasi-Robot/Robot-MiniPC/install/robot_autonomous/local/lib/python3.10/dist-packages/robot_autonomous-1.0.0-py3.10.egg-info/top_level.txt
-- Symlinking: /root/Sistem-Otomasi-Robot/Robot-MiniPC/install/robot_autonomous/local/lib/python3.10/dist-packages/robot_autonomous/__init__.py
-- Symlinking: /root/Sistem-Otomasi-Robot/Robot-MiniPC/install/robot_autonomous/local/lib/python3.10/dist-packages/robot_autonomous/gps_driver_node.py
-- Symlinking: /root/Sistem-Otomasi-Robot/Robot-MiniPC/install/robot_autonomous/local/lib/python3.10/dist-packages/robot_autonomous/imu_driver_node.py
-- Symlinking: /root/Sistem-Otomasi-Robot/Robot-MiniPC/install/robot_autonomous/local/lib/python3.10/dist-packages/robot_autonomous/robot_controller_node.py
-- Symlinking: /root/Sistem-Otomasi-Robot/Robot-MiniPC/install/robot_autonomous/lib/robot_autonomous/gps_driver_node.py
-- Symlinking: /root/Sistem-Otomasi-Robot/Robot-MiniPC/install/robot_autonomous/lib/robot_autonomous/imu_driver_node.py
-- Symlinking: /root/Sistem-Otomasi-Robot/Robot-MiniPC/install/robot_autonomous/lib/robot_autonomous/robot_controller_node.py
-- Symlinking: /root/Sistem-Otomasi-Robot/Robot-MiniPC/install/robot_autonomous/share/robot_autonomous/launch/autonomous_robot.launch.py
-- Symlinking: /root/Sistem-Otomasi-Robot/Robot-MiniPC/install/robot_autonomous/share/robot_autonomous/config/ekf_config.yaml
-- Symlinking: /root/Sistem-Otomasi-Robot/Robot-MiniPC/install/robot_autonomous/share/robot_autonomous/config/nav2_params.yaml
-- Symlinking: /root/Sistem-Otomasi-Robot/Robot-MiniPC/install/robot_autonomous/share/ament_index/resource_index/packages/robot_autonomous
-- Symlinking: /root/Sistem-Otomasi-Robot/Robot-MiniPC/install/robot_autonomous/share/robot_autonomous/package.xml
-- Symlinking: /root/Sistem-Otomasi-Robot/Robot-MiniPC/install/robot_autonomous/share/ament_index/resource_index/package_run_dependencies/robot_autonomous
-- Symlinking: /root/Sistem-Otomasi-Robot/Robot-MiniPC/install/robot_autonomous/share/ament_index/resource_index/parent_prefix_path/robot_autonomous
-- Symlinking: /root/Sistem-Otomasi-Robot/Robot-MiniPC/install/robot_autonomous/share/robot_autonomous/environment/ament_prefix_path.sh
-- Symlinking: /root/Sistem-Otomasi-Robot/Robot-MiniPC/install/robot_autonomous/share/robot_autonomous/environment/ament_prefix_path.dsv
-- Symlinking: /root/Sistem-Otomasi-Robot/Robot-MiniPC/install/robot_autonomous/share/robot_autonomous/environment/path.sh
-- Symlinking: /root/Sistem-Otomasi-Robot/Robot-MiniPC/install/robot_autonomous/share/robot_autonomous/environment/path.dsv
-- Symlinking: /root/Sistem-Otomasi-Robot/Robot-MiniPC/install/robot_autonomous/share/robot_autonomous/local_setup.bash
-- Symlinking: /root/Sistem-Otomasi-Robot/Robot-MiniPC/install/robot_autonomous/share/robot_autonomous/local_setup.sh
-- Symlinking: /root/Sistem-Otomasi-Robot/Robot-MiniPC/install/robot_autonomous/share/robot_autonomous/local_setup.zsh
-- Symlinking: /root/Sistem-Otomasi-Robot/Robot-MiniPC/install/robot_autonomous/share/robot_autonomous/local_setup.dsv
-- Symlinking: /root/Sistem-Otomasi-Robot/Robot-MiniPC/install/robot_autonomous/share/robot_autonomous/package.dsv
-- Symlinking: /root/Sistem-Otomasi-Robot/Robot-MiniPC/install/robot_autonomous/share/ament_index/resource_index/packages/robot_autonomous
-- Symlinking: /root/Sistem-Otomasi-Robot/Robot-MiniPC/install/robot_autonomous/share/robot_autonomous/cmake/robot_autonomousConfig.cmake
-- Symlinking: /root/Sistem-Otomasi-Robot/Robot-MiniPC/install/robot_autonomous/share/robot_autonomous/cmake/robot_autonomousConfig-version.cmake
-- Up-to-date symlink: /root/Sistem-Otomasi-Robot/Robot-MiniPC/install/robot_autonomous/share/robot_autonomous/package.xml
Listing '/root/Sistem-Otomasi-Robot/Robot-MiniPC/install/robot_autonomous/local/lib/python3.10/dist-packages/robot_autonomous'...
Compiling '/root/Sistem-Otomasi-Robot/Robot-MiniPC/install/robot_autonomous/local/lib/python3.10/dist-packages/robot_autonomous/__init__.py'...
Compiling '/root/Sistem-Otomasi-Robot/Robot-MiniPC/install/robot_autonomous/local/lib/python3.10/dist-packages/robot_autonomous/gps_driver_node.py'...
Compiling '/root/Sistem-Otomasi-Robot/Robot-MiniPC/install/robot_autonomous/local/lib/python3.10/dist-packages/robot_autonomous/imu_driver_node.py'...
Compiling '/root/Sistem-Otomasi-Robot/Robot-MiniPC/install/robot_autonomous/local/lib/python3.10/dist-packages/robot_autonomous/robot_controller_node.py'...
