[0.018s] Invoking command in '/root/Sistem-Otomasi-Robot/Robot-MiniPC/build/robot_autonomous': CMAKE_PREFIX_PATH=/opt/ros/humble /usr/bin/cmake /root/Sistem-Otomasi-Robot/Robot-MiniPC/src/robot_autonomous -DAMENT_CMAKE_SYMLINK_INSTALL=1 -DCMAKE_INSTALL_PREFIX=/root/Sistem-Otomasi-Robot/Robot-MiniPC/install/robot_autonomous
[0.473s] -- The C compiler identification is GNU 11.4.0
[0.754s] -- The CXX compiler identification is GNU 11.4.0
[0.793s] -- Detecting C compiler ABI info
[0.955s] -- Detecting C compiler ABI info - done
[0.977s] -- Check for working C compiler: /usr/bin/cc - skipped
[0.978s] -- Detecting C compile features
[0.981s] -- Detecting C compile features - done
[0.989s] -- Detecting CXX compiler ABI info
[1.167s] -- Detecting CXX compiler ABI info - done
[1.187s] -- Check for working CXX compiler: /usr/bin/c++ - skipped
[1.188s] -- Detecting CXX compile features
[1.188s] -- Detecting CXX compile features - done
[1.206s] -- Found ament_cmake: 1.3.13 (/opt/ros/humble/share/ament_cmake/cmake)
[1.559s] -- Found Python3: /usr/bin/python3 (found version "3.10.12") found components: Interpreter 
[1.713s] -- Override CMake install command with custom implementation using symlinks instead of copying resources
[1.819s] -- Found rclpy: 3.3.20 (/opt/ros/humble/share/rclpy/cmake)
[1.824s] -- Found std_msgs: 4.9.1 (/opt/ros/humble/share/std_msgs/cmake)
[1.970s] -- Found rosidl_generator_c: 3.1.8 (/opt/ros/humble/share/rosidl_generator_c/cmake)
[1.989s] -- Found rosidl_adapter: 3.1.8 (/opt/ros/humble/share/rosidl_adapter/cmake)
[2.070s] -- Found rosidl_generator_cpp: 3.1.8 (/opt/ros/humble/share/rosidl_generator_cpp/cmake)
[2.142s] -- Using all available rosidl_typesupport_c: rosidl_typesupport_fastrtps_c;rosidl_typesupport_introspection_c
[2.226s] -- Using all available rosidl_typesupport_cpp: rosidl_typesupport_fastrtps_cpp;rosidl_typesupport_introspection_cpp
[2.354s] -- Found sensor_msgs: 4.9.1 (/opt/ros/humble/share/sensor_msgs/cmake)
[2.481s] -- Found nav_msgs: 4.9.1 (/opt/ros/humble/share/nav_msgs/cmake)
[2.919s] -- Configuring done
[2.928s] -- Generating done
[2.934s] -- Build files have been written to: /root/Sistem-Otomasi-Robot/Robot-MiniPC/build/robot_autonomous
[2.953s] Invoked command in '/root/Sistem-Otomasi-Robot/Robot-MiniPC/build/robot_autonomous' returned '0': CMAKE_PREFIX_PATH=/opt/ros/humble /usr/bin/cmake /root/Sistem-Otomasi-Robot/Robot-MiniPC/src/robot_autonomous -DAMENT_CMAKE_SYMLINK_INSTALL=1 -DCMAKE_INSTALL_PREFIX=/root/Sistem-Otomasi-Robot/Robot-MiniPC/install/robot_autonomous
[2.954s] Invoking command in '/root/Sistem-Otomasi-Robot/Robot-MiniPC/build/robot_autonomous': CMAKE_PREFIX_PATH=/opt/ros/humble /usr/bin/cmake --build /root/Sistem-Otomasi-Robot/Robot-MiniPC/build/robot_autonomous -- -j4 -l4
[3.110s] Built target ament_cmake_python_symlink_robot_autonomous
[3.678s] running egg_info
[3.681s] creating robot_autonomous.egg-info
[3.692s] writing robot_autonomous.egg-info/PKG-INFO
[3.692s] writing dependency_links to robot_autonomous.egg-info/dependency_links.txt
[3.692s] writing top-level names to robot_autonomous.egg-info/top_level.txt
[3.693s] writing manifest file 'robot_autonomous.egg-info/SOURCES.txt'
[3.700s] reading manifest file 'robot_autonomous.egg-info/SOURCES.txt'
[3.700s] writing manifest file 'robot_autonomous.egg-info/SOURCES.txt'
[3.787s] Built target ament_cmake_python_build_robot_autonomous_egg
[3.821s] Invoked command in '/root/Sistem-Otomasi-Robot/Robot-MiniPC/build/robot_autonomous' returned '0': CMAKE_PREFIX_PATH=/opt/ros/humble /usr/bin/cmake --build /root/Sistem-Otomasi-Robot/Robot-MiniPC/build/robot_autonomous -- -j4 -l4
[3.843s] Invoking command in '/root/Sistem-Otomasi-Robot/Robot-MiniPC/build/robot_autonomous': CMAKE_PREFIX_PATH=/opt/ros/humble /usr/bin/cmake --install /root/Sistem-Otomasi-Robot/Robot-MiniPC/build/robot_autonomous
[3.857s] -- Install configuration: ""
[3.858s] -- Execute custom install script
[3.858s] -- Symlinking: /root/Sistem-Otomasi-Robot/Robot-MiniPC/install/robot_autonomous/share/robot_autonomous/environment/pythonpath.sh
[3.876s] -- Symlinking: /root/Sistem-Otomasi-Robot/Robot-MiniPC/install/robot_autonomous/share/robot_autonomous/environment/pythonpath.dsv
[3.898s] -- Symlinking: /root/Sistem-Otomasi-Robot/Robot-MiniPC/install/robot_autonomous/local/lib/python3.10/dist-packages/robot_autonomous-1.0.0-py3.10.egg-info/PKG-INFO
[3.916s] -- Symlinking: /root/Sistem-Otomasi-Robot/Robot-MiniPC/install/robot_autonomous/local/lib/python3.10/dist-packages/robot_autonomous-1.0.0-py3.10.egg-info/SOURCES.txt
[3.939s] -- Symlinking: /root/Sistem-Otomasi-Robot/Robot-MiniPC/install/robot_autonomous/local/lib/python3.10/dist-packages/robot_autonomous-1.0.0-py3.10.egg-info/dependency_links.txt
[3.957s] -- Symlinking: /root/Sistem-Otomasi-Robot/Robot-MiniPC/install/robot_autonomous/local/lib/python3.10/dist-packages/robot_autonomous-1.0.0-py3.10.egg-info/top_level.txt
[3.976s] -- Symlinking: /root/Sistem-Otomasi-Robot/Robot-MiniPC/install/robot_autonomous/local/lib/python3.10/dist-packages/robot_autonomous/__init__.py
[4.004s] -- Symlinking: /root/Sistem-Otomasi-Robot/Robot-MiniPC/install/robot_autonomous/local/lib/python3.10/dist-packages/robot_autonomous/gps_driver_node.py
[4.021s] -- Symlinking: /root/Sistem-Otomasi-Robot/Robot-MiniPC/install/robot_autonomous/local/lib/python3.10/dist-packages/robot_autonomous/imu_driver_node.py
[4.042s] -- Symlinking: /root/Sistem-Otomasi-Robot/Robot-MiniPC/install/robot_autonomous/local/lib/python3.10/dist-packages/robot_autonomous/robot_controller_node.py
[4.073s] -- Symlinking: /root/Sistem-Otomasi-Robot/Robot-MiniPC/install/robot_autonomous/lib/robot_autonomous/gps_driver_node.py
[4.090s] -- Symlinking: /root/Sistem-Otomasi-Robot/Robot-MiniPC/install/robot_autonomous/lib/robot_autonomous/imu_driver_node.py
[4.112s] -- Symlinking: /root/Sistem-Otomasi-Robot/Robot-MiniPC/install/robot_autonomous/lib/robot_autonomous/robot_controller_node.py
[4.133s] -- Symlinking: /root/Sistem-Otomasi-Robot/Robot-MiniPC/install/robot_autonomous/share/robot_autonomous/launch/autonomous_robot.launch.py
[4.153s] -- Symlinking: /root/Sistem-Otomasi-Robot/Robot-MiniPC/install/robot_autonomous/share/robot_autonomous/config/ekf_config.yaml
[4.172s] -- Symlinking: /root/Sistem-Otomasi-Robot/Robot-MiniPC/install/robot_autonomous/share/robot_autonomous/config/nav2_params.yaml
[4.197s] -- Symlinking: /root/Sistem-Otomasi-Robot/Robot-MiniPC/install/robot_autonomous/share/ament_index/resource_index/packages/robot_autonomous
[4.215s] -- Symlinking: /root/Sistem-Otomasi-Robot/Robot-MiniPC/install/robot_autonomous/share/robot_autonomous/package.xml
[4.235s] -- Symlinking: /root/Sistem-Otomasi-Robot/Robot-MiniPC/install/robot_autonomous/share/ament_index/resource_index/package_run_dependencies/robot_autonomous
[4.257s] -- Symlinking: /root/Sistem-Otomasi-Robot/Robot-MiniPC/install/robot_autonomous/share/ament_index/resource_index/parent_prefix_path/robot_autonomous
[4.280s] -- Symlinking: /root/Sistem-Otomasi-Robot/Robot-MiniPC/install/robot_autonomous/share/robot_autonomous/environment/ament_prefix_path.sh
[4.298s] -- Symlinking: /root/Sistem-Otomasi-Robot/Robot-MiniPC/install/robot_autonomous/share/robot_autonomous/environment/ament_prefix_path.dsv
[4.333s] -- Symlinking: /root/Sistem-Otomasi-Robot/Robot-MiniPC/install/robot_autonomous/share/robot_autonomous/environment/path.sh
[4.334s] -- Symlinking: /root/Sistem-Otomasi-Robot/Robot-MiniPC/install/robot_autonomous/share/robot_autonomous/environment/path.dsv
[4.354s] -- Symlinking: /root/Sistem-Otomasi-Robot/Robot-MiniPC/install/robot_autonomous/share/robot_autonomous/local_setup.bash
[4.378s] -- Symlinking: /root/Sistem-Otomasi-Robot/Robot-MiniPC/install/robot_autonomous/share/robot_autonomous/local_setup.sh
[4.394s] -- Symlinking: /root/Sistem-Otomasi-Robot/Robot-MiniPC/install/robot_autonomous/share/robot_autonomous/local_setup.zsh
[4.411s] -- Symlinking: /root/Sistem-Otomasi-Robot/Robot-MiniPC/install/robot_autonomous/share/robot_autonomous/local_setup.dsv
[4.435s] -- Symlinking: /root/Sistem-Otomasi-Robot/Robot-MiniPC/install/robot_autonomous/share/robot_autonomous/package.dsv
[4.449s] -- Symlinking: /root/Sistem-Otomasi-Robot/Robot-MiniPC/install/robot_autonomous/share/ament_index/resource_index/packages/robot_autonomous
[4.466s] -- Symlinking: /root/Sistem-Otomasi-Robot/Robot-MiniPC/install/robot_autonomous/share/robot_autonomous/cmake/robot_autonomousConfig.cmake
[4.482s] -- Symlinking: /root/Sistem-Otomasi-Robot/Robot-MiniPC/install/robot_autonomous/share/robot_autonomous/cmake/robot_autonomousConfig-version.cmake
[4.499s] -- Up-to-date symlink: /root/Sistem-Otomasi-Robot/Robot-MiniPC/install/robot_autonomous/share/robot_autonomous/package.xml
[4.577s] Listing '/root/Sistem-Otomasi-Robot/Robot-MiniPC/install/robot_autonomous/local/lib/python3.10/dist-packages/robot_autonomous'...
[4.577s] Compiling '/root/Sistem-Otomasi-Robot/Robot-MiniPC/install/robot_autonomous/local/lib/python3.10/dist-packages/robot_autonomous/__init__.py'...
[4.577s] Compiling '/root/Sistem-Otomasi-Robot/Robot-MiniPC/install/robot_autonomous/local/lib/python3.10/dist-packages/robot_autonomous/gps_driver_node.py'...
[4.578s] Compiling '/root/Sistem-Otomasi-Robot/Robot-MiniPC/install/robot_autonomous/local/lib/python3.10/dist-packages/robot_autonomous/imu_driver_node.py'...
[4.578s] Compiling '/root/Sistem-Otomasi-Robot/Robot-MiniPC/install/robot_autonomous/local/lib/python3.10/dist-packages/robot_autonomous/robot_controller_node.py'...
[4.593s] Invoked command in '/root/Sistem-Otomasi-Robot/Robot-MiniPC/build/robot_autonomous' returned '0': CMAKE_PREFIX_PATH=/opt/ros/humble /usr/bin/cmake --install /root/Sistem-Otomasi-Robot/Robot-MiniPC/build/robot_autonomous
