[5.970s] Invoking command in '/root/Otomasi/Sistem-Otomasi-Robot/Robot/ros2_ws/src/robot_example': PYTHONPATH=/root/Otomasi/Sistem-Otomasi-Robot/Robot/ros2_ws/build/robot_example/prefix_override:/usr/lib/python3/dist-packages/colcon_core/task/python/colcon_distutils_commands:/root/Otomasi/Sistem-Otomasi-Robot/Robot/ros2_ws/install/robot_example/lib/python3.10/site-packages:${PYTHONPATH} /usr/bin/python3 -W ignore:setup.py install is deprecated -W ignore:easy_install command is deprecated setup.py egg_info --egg-base ../../build/robot_example build --build-base /root/Otomasi/Sistem-Otomasi-Robot/Robot/ros2_ws/build/robot_example/build install --record /root/Otomasi/Sistem-Otomasi-Robot/Robot/ros2_ws/build/robot_example/install.log --single-version-externally-managed install_data
[7.984s] running egg_info
[8.002s] writing ../../build/robot_example/robot_example.egg-info/PKG-INFO
[8.002s] writing dependency_links to ../../build/robot_example/robot_example.egg-info/dependency_links.txt
[8.002s] writing entry points to ../../build/robot_example/robot_example.egg-info/entry_points.txt
[8.002s] writing requirements to ../../build/robot_example/robot_example.egg-info/requires.txt
[8.012s] writing top-level names to ../../build/robot_example/robot_example.egg-info/top_level.txt
[8.044s] reading manifest file '../../build/robot_example/robot_example.egg-info/SOURCES.txt'
[8.063s] writing manifest file '../../build/robot_example/robot_example.egg-info/SOURCES.txt'
[8.064s] running build
[8.064s] running build_py
[8.064s] copying robot_example/ros2_controller.py -> /root/Otomasi/Sistem-Otomasi-Robot/Robot/ros2_ws/build/robot_example/build/lib/robot_example
[8.091s] copying robot_example/ros2_hardware_monitor.py -> /root/Otomasi/Sistem-Otomasi-Robot/Robot/ros2_ws/build/robot_example/build/lib/robot_example
[8.091s] copying robot_example/ros2_kinematics.py -> /root/Otomasi/Sistem-Otomasi-Robot/Robot/ros2_ws/build/robot_example/build/lib/robot_example
[8.091s] running install
[8.092s] running install_lib
[8.104s] copying /root/Otomasi/Sistem-Otomasi-Robot/Robot/ros2_ws/build/robot_example/build/lib/robot_example/ros2_controller.py -> /root/Otomasi/Sistem-Otomasi-Robot/Robot/ros2_ws/install/robot_example/lib/python3.10/site-packages/robot_example
[8.104s] copying /root/Otomasi/Sistem-Otomasi-Robot/Robot/ros2_ws/build/robot_example/build/lib/robot_example/ros2_hardware_monitor.py -> /root/Otomasi/Sistem-Otomasi-Robot/Robot/ros2_ws/install/robot_example/lib/python3.10/site-packages/robot_example
[8.104s] copying /root/Otomasi/Sistem-Otomasi-Robot/Robot/ros2_ws/build/robot_example/build/lib/robot_example/ros2_kinematics.py -> /root/Otomasi/Sistem-Otomasi-Robot/Robot/ros2_ws/install/robot_example/lib/python3.10/site-packages/robot_example
[8.120s] byte-compiling /root/Otomasi/Sistem-Otomasi-Robot/Robot/ros2_ws/install/robot_example/lib/python3.10/site-packages/robot_example/ros2_controller.py to ros2_controller.cpython-310.pyc
[8.129s] byte-compiling /root/Otomasi/Sistem-Otomasi-Robot/Robot/ros2_ws/install/robot_example/lib/python3.10/site-packages/robot_example/ros2_hardware_monitor.py to ros2_hardware_monitor.cpython-310.pyc
[8.129s] byte-compiling /root/Otomasi/Sistem-Otomasi-Robot/Robot/ros2_ws/install/robot_example/lib/python3.10/site-packages/robot_example/ros2_kinematics.py to ros2_kinematics.cpython-310.pyc
[8.130s] running install_data
[8.130s] copying package.xml -> /root/Otomasi/Sistem-Otomasi-Robot/Robot/ros2_ws/install/robot_example/share/robot_example
[8.143s] running install_egg_info
[8.159s] removing '/root/Otomasi/Sistem-Otomasi-Robot/Robot/ros2_ws/install/robot_example/lib/python3.10/site-packages/robot_example-0.0.1-py3.10.egg-info' (and everything under it)
[8.159s] Copying ../../build/robot_example/robot_example.egg-info to /root/Otomasi/Sistem-Otomasi-Robot/Robot/ros2_ws/install/robot_example/lib/python3.10/site-packages/robot_example-0.0.1-py3.10.egg-info
[8.159s] running install_scripts
[8.295s] Installing config_manager script to /root/Otomasi/Sistem-Otomasi-Robot/Robot/ros2_ws/install/robot_example/bin
[8.306s] Installing hardware_monitor script to /root/Otomasi/Sistem-Otomasi-Robot/Robot/ros2_ws/install/robot_example/bin
[8.307s] Installing kinematics_processor script to /root/Otomasi/Sistem-Otomasi-Robot/Robot/ros2_ws/install/robot_example/bin
[8.307s] Installing robot_controller script to /root/Otomasi/Sistem-Otomasi-Robot/Robot/ros2_ws/install/robot_example/bin
[8.309s] Installing robot_listener script to /root/Otomasi/Sistem-Otomasi-Robot/Robot/ros2_ws/install/robot_example/bin
[8.309s] Installing robot_talker script to /root/Otomasi/Sistem-Otomasi-Robot/Robot/ros2_ws/install/robot_example/bin
[8.309s] writing list of installed files to '/root/Otomasi/Sistem-Otomasi-Robot/Robot/ros2_ws/build/robot_example/install.log'
[8.600s] Invoked command in '/root/Otomasi/Sistem-Otomasi-Robot/Robot/ros2_ws/src/robot_example' returned '0': PYTHONPATH=/root/Otomasi/Sistem-Otomasi-Robot/Robot/ros2_ws/build/robot_example/prefix_override:/usr/lib/python3/dist-packages/colcon_core/task/python/colcon_distutils_commands:/root/Otomasi/Sistem-Otomasi-Robot/Robot/ros2_ws/install/robot_example/lib/python3.10/site-packages:${PYTHONPATH} /usr/bin/python3 -W ignore:setup.py install is deprecated -W ignore:easy_install command is deprecated setup.py egg_info --egg-base ../../build/robot_example build --build-base /root/Otomasi/Sistem-Otomasi-Robot/Robot/ros2_ws/build/robot_example/build install --record /root/Otomasi/Sistem-Otomasi-Robot/Robot/ros2_ws/build/robot_example/install.log --single-version-externally-managed install_data
