[10.957s] Invoking command in '/root/Otomasi/Sistem-Otomasi-Robot/Robot/ros2_ws/src/robot_example': PYTHONPATH=/root/Otomasi/Sistem-Otomasi-Robot/Robot/ros2_ws/build/robot_example/prefix_override:/usr/lib/python3/dist-packages/colcon_core/task/python/colcon_distutils_commands:/root/Otomasi/Sistem-Otomasi-Robot/Robot/ros2_ws/install/robot_example/lib/python3.10/site-packages:${PYTHONPATH} /usr/bin/python3 -W ignore:setup.py install is deprecated -W ignore:easy_install command is deprecated setup.py egg_info --egg-base ../../build/robot_example build --build-base /root/Otomasi/Sistem-Otomasi-Robot/Robot/ros2_ws/build/robot_example/build install --record /root/Otomasi/Sistem-Otomasi-Robot/Robot/ros2_ws/build/robot_example/install.log --single-version-externally-managed install_data
[14.347s] running egg_info
[14.368s] creating ../../build/robot_example/robot_example.egg-info
[14.381s] writing ../../build/robot_example/robot_example.egg-info/PKG-INFO
[14.383s] writing dependency_links to ../../build/robot_example/robot_example.egg-info/dependency_links.txt
[14.464s] writing entry points to ../../build/robot_example/robot_example.egg-info/entry_points.txt
[14.464s] writing requirements to ../../build/robot_example/robot_example.egg-info/requires.txt
[14.477s] writing top-level names to ../../build/robot_example/robot_example.egg-info/top_level.txt
[14.477s] writing manifest file '../../build/robot_example/robot_example.egg-info/SOURCES.txt'
[14.505s] reading manifest file '../../build/robot_example/robot_example.egg-info/SOURCES.txt'
[14.506s] writing manifest file '../../build/robot_example/robot_example.egg-info/SOURCES.txt'
[14.506s] running build
[14.506s] running build_py
[14.507s] creating /root/Otomasi/Sistem-Otomasi-Robot/Robot/ros2_ws/build/robot_example/build
[14.507s] creating /root/Otomasi/Sistem-Otomasi-Robot/Robot/ros2_ws/build/robot_example/build/lib
[14.507s] creating /root/Otomasi/Sistem-Otomasi-Robot/Robot/ros2_ws/build/robot_example/build/lib/robot_example
[14.507s] copying robot_example/listener.py -> /root/Otomasi/Sistem-Otomasi-Robot/Robot/ros2_ws/build/robot_example/build/lib/robot_example
[14.507s] copying robot_example/__init__.py -> /root/Otomasi/Sistem-Otomasi-Robot/Robot/ros2_ws/build/robot_example/build/lib/robot_example
[14.517s] copying robot_example/talker.py -> /root/Otomasi/Sistem-Otomasi-Robot/Robot/ros2_ws/build/robot_example/build/lib/robot_example
[14.521s] copying robot_example/ros2_config_manager.py -> /root/Otomasi/Sistem-Otomasi-Robot/Robot/ros2_ws/build/robot_example/build/lib/robot_example
[14.528s] copying robot_example/cli.py -> /root/Otomasi/Sistem-Otomasi-Robot/Robot/ros2_ws/build/robot_example/build/lib/robot_example
[14.529s] copying robot_example/ros2_controller.py -> /root/Otomasi/Sistem-Otomasi-Robot/Robot/ros2_ws/build/robot_example/build/lib/robot_example
[14.544s] copying robot_example/ros2_hardware_monitor.py -> /root/Otomasi/Sistem-Otomasi-Robot/Robot/ros2_ws/build/robot_example/build/lib/robot_example
[14.545s] copying robot_example/ros2_kinematics.py -> /root/Otomasi/Sistem-Otomasi-Robot/Robot/ros2_ws/build/robot_example/build/lib/robot_example
[14.545s] creating /root/Otomasi/Sistem-Otomasi-Robot/Robot/ros2_ws/build/robot_example/build/lib/robot_example/hardware
[14.546s] copying robot_example/hardware/__init__.py -> /root/Otomasi/Sistem-Otomasi-Robot/Robot/ros2_ws/build/robot_example/build/lib/robot_example/hardware
[14.555s] copying robot_example/hardware/sensors.py -> /root/Otomasi/Sistem-Otomasi-Robot/Robot/ros2_ws/build/robot_example/build/lib/robot_example/hardware
[14.555s] copying robot_example/hardware/motors.py -> /root/Otomasi/Sistem-Otomasi-Robot/Robot/ros2_ws/build/robot_example/build/lib/robot_example/hardware
[14.561s] copying robot_example/hardware/gpio.py -> /root/Otomasi/Sistem-Otomasi-Robot/Robot/ros2_ws/build/robot_example/build/lib/robot_example/hardware
[14.571s] creating /root/Otomasi/Sistem-Otomasi-Robot/Robot/ros2_ws/build/robot_example/build/lib/robot_example/utils
[14.571s] copying robot_example/utils/logger.py -> /root/Otomasi/Sistem-Otomasi-Robot/Robot/ros2_ws/build/robot_example/build/lib/robot_example/utils
[14.571s] copying robot_example/utils/__init__.py -> /root/Otomasi/Sistem-Otomasi-Robot/Robot/ros2_ws/build/robot_example/build/lib/robot_example/utils
[14.580s] copying robot_example/utils/config.py -> /root/Otomasi/Sistem-Otomasi-Robot/Robot/ros2_ws/build/robot_example/build/lib/robot_example/utils
[14.588s] creating /root/Otomasi/Sistem-Otomasi-Robot/Robot/ros2_ws/build/robot_example/build/lib/robot_example/core
[14.592s] copying robot_example/core/robot.py -> /root/Otomasi/Sistem-Otomasi-Robot/Robot/ros2_ws/build/robot_example/build/lib/robot_example/core
[14.605s] copying robot_example/core/__init__.py -> /root/Otomasi/Sistem-Otomasi-Robot/Robot/ros2_ws/build/robot_example/build/lib/robot_example/core
[14.606s] copying robot_example/core/state.py -> /root/Otomasi/Sistem-Otomasi-Robot/Robot/ros2_ws/build/robot_example/build/lib/robot_example/core
[14.607s] creating /root/Otomasi/Sistem-Otomasi-Robot/Robot/ros2_ws/build/robot_example/build/lib/robot_example/communication
[14.608s] copying robot_example/communication/websocket_client.py -> /root/Otomasi/Sistem-Otomasi-Robot/Robot/ros2_ws/build/robot_example/build/lib/robot_example/communication
[14.610s] copying robot_example/communication/ros_bridge.py -> /root/Otomasi/Sistem-Otomasi-Robot/Robot/ros2_ws/build/robot_example/build/lib/robot_example/communication
[14.611s] copying robot_example/communication/__init__.py -> /root/Otomasi/Sistem-Otomasi-Robot/Robot/ros2_ws/build/robot_example/build/lib/robot_example/communication
[14.612s] copying robot_example/communication/protocol.py -> /root/Otomasi/Sistem-Otomasi-Robot/Robot/ros2_ws/build/robot_example/build/lib/robot_example/communication
[14.625s] creating /root/Otomasi/Sistem-Otomasi-Robot/Robot/ros2_ws/build/robot_example/build/lib/robot_example/control
[14.626s] copying robot_example/control/motion.py -> /root/Otomasi/Sistem-Otomasi-Robot/Robot/ros2_ws/build/robot_example/build/lib/robot_example/control
[14.637s] copying robot_example/control/__init__.py -> /root/Otomasi/Sistem-Otomasi-Robot/Robot/ros2_ws/build/robot_example/build/lib/robot_example/control
[14.637s] copying robot_example/control/pid.py -> /root/Otomasi/Sistem-Otomasi-Robot/Robot/ros2_ws/build/robot_example/build/lib/robot_example/control
[14.639s] copying robot_example/control/filters.py -> /root/Otomasi/Sistem-Otomasi-Robot/Robot/ros2_ws/build/robot_example/build/lib/robot_example/control
[14.647s] copying robot_example/control/controller.py -> /root/Otomasi/Sistem-Otomasi-Robot/Robot/ros2_ws/build/robot_example/build/lib/robot_example/control
[14.647s] creating /root/Otomasi/Sistem-Otomasi-Robot/Robot/ros2_ws/build/robot_example/build/lib/robot_example/kinematics
[14.647s] copying robot_example/kinematics/mecanum.py -> /root/Otomasi/Sistem-Otomasi-Robot/Robot/ros2_ws/build/robot_example/build/lib/robot_example/kinematics
[14.650s] copying robot_example/kinematics/base.py -> /root/Otomasi/Sistem-Otomasi-Robot/Robot/ros2_ws/build/robot_example/build/lib/robot_example/kinematics
[14.651s] copying robot_example/kinematics/differential.py -> /root/Otomasi/Sistem-Otomasi-Robot/Robot/ros2_ws/build/robot_example/build/lib/robot_example/kinematics
[14.652s] copying robot_example/kinematics/__init__.py -> /root/Otomasi/Sistem-Otomasi-Robot/Robot/ros2_ws/build/robot_example/build/lib/robot_example/kinematics
[14.660s] copying robot_example/kinematics/omni.py -> /root/Otomasi/Sistem-Otomasi-Robot/Robot/ros2_ws/build/robot_example/build/lib/robot_example/kinematics
[14.660s] copying robot_example/kinematics/odometry.py -> /root/Otomasi/Sistem-Otomasi-Robot/Robot/ros2_ws/build/robot_example/build/lib/robot_example/kinematics
[14.672s] copying robot_example/kinematics/ackermann.py -> /root/Otomasi/Sistem-Otomasi-Robot/Robot/ros2_ws/build/robot_example/build/lib/robot_example/kinematics
[14.683s] running install
[14.700s] running install_lib
[14.700s] creating /root/Otomasi/Sistem-Otomasi-Robot/Robot/ros2_ws/install/robot_example/lib/python3.10/site-packages/robot_example
[14.716s] creating /root/Otomasi/Sistem-Otomasi-Robot/Robot/ros2_ws/install/robot_example/lib/python3.10/site-packages/robot_example/hardware
[14.717s] copying /root/Otomasi/Sistem-Otomasi-Robot/Robot/ros2_ws/build/robot_example/build/lib/robot_example/hardware/__init__.py -> /root/Otomasi/Sistem-Otomasi-Robot/Robot/ros2_ws/install/robot_example/lib/python3.10/site-packages/robot_example/hardware
[14.717s] copying /root/Otomasi/Sistem-Otomasi-Robot/Robot/ros2_ws/build/robot_example/build/lib/robot_example/hardware/sensors.py -> /root/Otomasi/Sistem-Otomasi-Robot/Robot/ros2_ws/install/robot_example/lib/python3.10/site-packages/robot_example/hardware
[14.717s] copying /root/Otomasi/Sistem-Otomasi-Robot/Robot/ros2_ws/build/robot_example/build/lib/robot_example/hardware/motors.py -> /root/Otomasi/Sistem-Otomasi-Robot/Robot/ros2_ws/install/robot_example/lib/python3.10/site-packages/robot_example/hardware
[14.718s] copying /root/Otomasi/Sistem-Otomasi-Robot/Robot/ros2_ws/build/robot_example/build/lib/robot_example/hardware/gpio.py -> /root/Otomasi/Sistem-Otomasi-Robot/Robot/ros2_ws/install/robot_example/lib/python3.10/site-packages/robot_example/hardware
[14.718s] creating /root/Otomasi/Sistem-Otomasi-Robot/Robot/ros2_ws/install/robot_example/lib/python3.10/site-packages/robot_example/utils
[14.718s] copying /root/Otomasi/Sistem-Otomasi-Robot/Robot/ros2_ws/build/robot_example/build/lib/robot_example/utils/logger.py -> /root/Otomasi/Sistem-Otomasi-Robot/Robot/ros2_ws/install/robot_example/lib/python3.10/site-packages/robot_example/utils
[14.718s] copying /root/Otomasi/Sistem-Otomasi-Robot/Robot/ros2_ws/build/robot_example/build/lib/robot_example/utils/__init__.py -> /root/Otomasi/Sistem-Otomasi-Robot/Robot/ros2_ws/install/robot_example/lib/python3.10/site-packages/robot_example/utils
[14.718s] copying /root/Otomasi/Sistem-Otomasi-Robot/Robot/ros2_ws/build/robot_example/build/lib/robot_example/utils/config.py -> /root/Otomasi/Sistem-Otomasi-Robot/Robot/ros2_ws/install/robot_example/lib/python3.10/site-packages/robot_example/utils
[14.718s] copying /root/Otomasi/Sistem-Otomasi-Robot/Robot/ros2_ws/build/robot_example/build/lib/robot_example/listener.py -> /root/Otomasi/Sistem-Otomasi-Robot/Robot/ros2_ws/install/robot_example/lib/python3.10/site-packages/robot_example
[14.733s] copying /root/Otomasi/Sistem-Otomasi-Robot/Robot/ros2_ws/build/robot_example/build/lib/robot_example/__init__.py -> /root/Otomasi/Sistem-Otomasi-Robot/Robot/ros2_ws/install/robot_example/lib/python3.10/site-packages/robot_example
[14.733s] creating /root/Otomasi/Sistem-Otomasi-Robot/Robot/ros2_ws/install/robot_example/lib/python3.10/site-packages/robot_example/core
[14.733s] copying /root/Otomasi/Sistem-Otomasi-Robot/Robot/ros2_ws/build/robot_example/build/lib/robot_example/core/robot.py -> /root/Otomasi/Sistem-Otomasi-Robot/Robot/ros2_ws/install/robot_example/lib/python3.10/site-packages/robot_example/core
[14.733s] copying /root/Otomasi/Sistem-Otomasi-Robot/Robot/ros2_ws/build/robot_example/build/lib/robot_example/core/__init__.py -> /root/Otomasi/Sistem-Otomasi-Robot/Robot/ros2_ws/install/robot_example/lib/python3.10/site-packages/robot_example/core
[14.733s] copying /root/Otomasi/Sistem-Otomasi-Robot/Robot/ros2_ws/build/robot_example/build/lib/robot_example/core/state.py -> /root/Otomasi/Sistem-Otomasi-Robot/Robot/ros2_ws/install/robot_example/lib/python3.10/site-packages/robot_example/core
[14.733s] creating /root/Otomasi/Sistem-Otomasi-Robot/Robot/ros2_ws/install/robot_example/lib/python3.10/site-packages/robot_example/communication
[14.734s] copying /root/Otomasi/Sistem-Otomasi-Robot/Robot/ros2_ws/build/robot_example/build/lib/robot_example/communication/websocket_client.py -> /root/Otomasi/Sistem-Otomasi-Robot/Robot/ros2_ws/install/robot_example/lib/python3.10/site-packages/robot_example/communication
[14.734s] copying /root/Otomasi/Sistem-Otomasi-Robot/Robot/ros2_ws/build/robot_example/build/lib/robot_example/communication/ros_bridge.py -> /root/Otomasi/Sistem-Otomasi-Robot/Robot/ros2_ws/install/robot_example/lib/python3.10/site-packages/robot_example/communication
[14.734s] copying /root/Otomasi/Sistem-Otomasi-Robot/Robot/ros2_ws/build/robot_example/build/lib/robot_example/communication/__init__.py -> /root/Otomasi/Sistem-Otomasi-Robot/Robot/ros2_ws/install/robot_example/lib/python3.10/site-packages/robot_example/communication
[14.734s] copying /root/Otomasi/Sistem-Otomasi-Robot/Robot/ros2_ws/build/robot_example/build/lib/robot_example/communication/protocol.py -> /root/Otomasi/Sistem-Otomasi-Robot/Robot/ros2_ws/install/robot_example/lib/python3.10/site-packages/robot_example/communication
[14.734s] copying /root/Otomasi/Sistem-Otomasi-Robot/Robot/ros2_ws/build/robot_example/build/lib/robot_example/talker.py -> /root/Otomasi/Sistem-Otomasi-Robot/Robot/ros2_ws/install/robot_example/lib/python3.10/site-packages/robot_example
[14.741s] copying /root/Otomasi/Sistem-Otomasi-Robot/Robot/ros2_ws/build/robot_example/build/lib/robot_example/ros2_config_manager.py -> /root/Otomasi/Sistem-Otomasi-Robot/Robot/ros2_ws/install/robot_example/lib/python3.10/site-packages/robot_example
[14.742s] creating /root/Otomasi/Sistem-Otomasi-Robot/Robot/ros2_ws/install/robot_example/lib/python3.10/site-packages/robot_example/control
[14.742s] copying /root/Otomasi/Sistem-Otomasi-Robot/Robot/ros2_ws/build/robot_example/build/lib/robot_example/control/motion.py -> /root/Otomasi/Sistem-Otomasi-Robot/Robot/ros2_ws/install/robot_example/lib/python3.10/site-packages/robot_example/control
[14.742s] copying /root/Otomasi/Sistem-Otomasi-Robot/Robot/ros2_ws/build/robot_example/build/lib/robot_example/control/__init__.py -> /root/Otomasi/Sistem-Otomasi-Robot/Robot/ros2_ws/install/robot_example/lib/python3.10/site-packages/robot_example/control
[14.742s] copying /root/Otomasi/Sistem-Otomasi-Robot/Robot/ros2_ws/build/robot_example/build/lib/robot_example/control/pid.py -> /root/Otomasi/Sistem-Otomasi-Robot/Robot/ros2_ws/install/robot_example/lib/python3.10/site-packages/robot_example/control
[14.752s] copying /root/Otomasi/Sistem-Otomasi-Robot/Robot/ros2_ws/build/robot_example/build/lib/robot_example/control/filters.py -> /root/Otomasi/Sistem-Otomasi-Robot/Robot/ros2_ws/install/robot_example/lib/python3.10/site-packages/robot_example/control
[14.752s] copying /root/Otomasi/Sistem-Otomasi-Robot/Robot/ros2_ws/build/robot_example/build/lib/robot_example/control/controller.py -> /root/Otomasi/Sistem-Otomasi-Robot/Robot/ros2_ws/install/robot_example/lib/python3.10/site-packages/robot_example/control
[14.753s] copying /root/Otomasi/Sistem-Otomasi-Robot/Robot/ros2_ws/build/robot_example/build/lib/robot_example/cli.py -> /root/Otomasi/Sistem-Otomasi-Robot/Robot/ros2_ws/install/robot_example/lib/python3.10/site-packages/robot_example
[14.753s] creating /root/Otomasi/Sistem-Otomasi-Robot/Robot/ros2_ws/install/robot_example/lib/python3.10/site-packages/robot_example/kinematics
[14.764s] copying /root/Otomasi/Sistem-Otomasi-Robot/Robot/ros2_ws/build/robot_example/build/lib/robot_example/kinematics/mecanum.py -> /root/Otomasi/Sistem-Otomasi-Robot/Robot/ros2_ws/install/robot_example/lib/python3.10/site-packages/robot_example/kinematics
[14.776s] copying /root/Otomasi/Sistem-Otomasi-Robot/Robot/ros2_ws/build/robot_example/build/lib/robot_example/kinematics/base.py -> /root/Otomasi/Sistem-Otomasi-Robot/Robot/ros2_ws/install/robot_example/lib/python3.10/site-packages/robot_example/kinematics
[14.776s] copying /root/Otomasi/Sistem-Otomasi-Robot/Robot/ros2_ws/build/robot_example/build/lib/robot_example/kinematics/differential.py -> /root/Otomasi/Sistem-Otomasi-Robot/Robot/ros2_ws/install/robot_example/lib/python3.10/site-packages/robot_example/kinematics
[14.776s] copying /root/Otomasi/Sistem-Otomasi-Robot/Robot/ros2_ws/build/robot_example/build/lib/robot_example/kinematics/__init__.py -> /root/Otomasi/Sistem-Otomasi-Robot/Robot/ros2_ws/install/robot_example/lib/python3.10/site-packages/robot_example/kinematics
[14.777s] copying /root/Otomasi/Sistem-Otomasi-Robot/Robot/ros2_ws/build/robot_example/build/lib/robot_example/kinematics/omni.py -> /root/Otomasi/Sistem-Otomasi-Robot/Robot/ros2_ws/install/robot_example/lib/python3.10/site-packages/robot_example/kinematics
[14.777s] copying /root/Otomasi/Sistem-Otomasi-Robot/Robot/ros2_ws/build/robot_example/build/lib/robot_example/kinematics/odometry.py -> /root/Otomasi/Sistem-Otomasi-Robot/Robot/ros2_ws/install/robot_example/lib/python3.10/site-packages/robot_example/kinematics
[14.777s] copying /root/Otomasi/Sistem-Otomasi-Robot/Robot/ros2_ws/build/robot_example/build/lib/robot_example/kinematics/ackermann.py -> /root/Otomasi/Sistem-Otomasi-Robot/Robot/ros2_ws/install/robot_example/lib/python3.10/site-packages/robot_example/kinematics
[14.777s] copying /root/Otomasi/Sistem-Otomasi-Robot/Robot/ros2_ws/build/robot_example/build/lib/robot_example/ros2_controller.py -> /root/Otomasi/Sistem-Otomasi-Robot/Robot/ros2_ws/install/robot_example/lib/python3.10/site-packages/robot_example
[14.777s] copying /root/Otomasi/Sistem-Otomasi-Robot/Robot/ros2_ws/build/robot_example/build/lib/robot_example/ros2_hardware_monitor.py -> /root/Otomasi/Sistem-Otomasi-Robot/Robot/ros2_ws/install/robot_example/lib/python3.10/site-packages/robot_example
[14.777s] copying /root/Otomasi/Sistem-Otomasi-Robot/Robot/ros2_ws/build/robot_example/build/lib/robot_example/ros2_kinematics.py -> /root/Otomasi/Sistem-Otomasi-Robot/Robot/ros2_ws/install/robot_example/lib/python3.10/site-packages/robot_example
[14.777s] byte-compiling /root/Otomasi/Sistem-Otomasi-Robot/Robot/ros2_ws/install/robot_example/lib/python3.10/site-packages/robot_example/hardware/__init__.py to __init__.cpython-310.pyc
[14.778s] byte-compiling /root/Otomasi/Sistem-Otomasi-Robot/Robot/ros2_ws/install/robot_example/lib/python3.10/site-packages/robot_example/hardware/sensors.py to sensors.cpython-310.pyc
[14.850s] byte-compiling /root/Otomasi/Sistem-Otomasi-Robot/Robot/ros2_ws/install/robot_example/lib/python3.10/site-packages/robot_example/hardware/motors.py to motors.cpython-310.pyc
[14.883s] byte-compiling /root/Otomasi/Sistem-Otomasi-Robot/Robot/ros2_ws/install/robot_example/lib/python3.10/site-packages/robot_example/hardware/gpio.py to gpio.cpython-310.pyc
[14.900s] byte-compiling /root/Otomasi/Sistem-Otomasi-Robot/Robot/ros2_ws/install/robot_example/lib/python3.10/site-packages/robot_example/utils/logger.py to logger.cpython-310.pyc
[14.907s] byte-compiling /root/Otomasi/Sistem-Otomasi-Robot/Robot/ros2_ws/install/robot_example/lib/python3.10/site-packages/robot_example/utils/__init__.py to __init__.cpython-310.pyc
[14.907s] byte-compiling /root/Otomasi/Sistem-Otomasi-Robot/Robot/ros2_ws/install/robot_example/lib/python3.10/site-packages/robot_example/utils/config.py to config.cpython-310.pyc
[14.918s] byte-compiling /root/Otomasi/Sistem-Otomasi-Robot/Robot/ros2_ws/install/robot_example/lib/python3.10/site-packages/robot_example/listener.py to listener.cpython-310.pyc
[14.919s] byte-compiling /root/Otomasi/Sistem-Otomasi-Robot/Robot/ros2_ws/install/robot_example/lib/python3.10/site-packages/robot_example/__init__.py to __init__.cpython-310.pyc
[14.919s] byte-compiling /root/Otomasi/Sistem-Otomasi-Robot/Robot/ros2_ws/install/robot_example/lib/python3.10/site-packages/robot_example/core/robot.py to robot.cpython-310.pyc
[14.932s] byte-compiling /root/Otomasi/Sistem-Otomasi-Robot/Robot/ros2_ws/install/robot_example/lib/python3.10/site-packages/robot_example/core/__init__.py to __init__.cpython-310.pyc
[14.933s] byte-compiling /root/Otomasi/Sistem-Otomasi-Robot/Robot/ros2_ws/install/robot_example/lib/python3.10/site-packages/robot_example/core/state.py to state.cpython-310.pyc
[14.944s] byte-compiling /root/Otomasi/Sistem-Otomasi-Robot/Robot/ros2_ws/install/robot_example/lib/python3.10/site-packages/robot_example/communication/websocket_client.py to websocket_client.cpython-310.pyc
[14.995s] byte-compiling /root/Otomasi/Sistem-Otomasi-Robot/Robot/ros2_ws/install/robot_example/lib/python3.10/site-packages/robot_example/communication/ros_bridge.py to ros_bridge.cpython-310.pyc
[15.000s] byte-compiling /root/Otomasi/Sistem-Otomasi-Robot/Robot/ros2_ws/install/robot_example/lib/python3.10/site-packages/robot_example/communication/__init__.py to __init__.cpython-310.pyc
[15.008s] byte-compiling /root/Otomasi/Sistem-Otomasi-Robot/Robot/ros2_ws/install/robot_example/lib/python3.10/site-packages/robot_example/communication/protocol.py to protocol.cpython-310.pyc
[15.024s] byte-compiling /root/Otomasi/Sistem-Otomasi-Robot/Robot/ros2_ws/install/robot_example/lib/python3.10/site-packages/robot_example/talker.py to talker.cpython-310.pyc
[15.040s] byte-compiling /root/Otomasi/Sistem-Otomasi-Robot/Robot/ros2_ws/install/robot_example/lib/python3.10/site-packages/robot_example/ros2_config_manager.py to ros2_config_manager.cpython-310.pyc
[15.051s] byte-compiling /root/Otomasi/Sistem-Otomasi-Robot/Robot/ros2_ws/install/robot_example/lib/python3.10/site-packages/robot_example/control/motion.py to motion.cpython-310.pyc
[15.061s] byte-compiling /root/Otomasi/Sistem-Otomasi-Robot/Robot/ros2_ws/install/robot_example/lib/python3.10/site-packages/robot_example/control/__init__.py to __init__.cpython-310.pyc
[15.068s] byte-compiling /root/Otomasi/Sistem-Otomasi-Robot/Robot/ros2_ws/install/robot_example/lib/python3.10/site-packages/robot_example/control/pid.py to pid.cpython-310.pyc
[15.076s] byte-compiling /root/Otomasi/Sistem-Otomasi-Robot/Robot/ros2_ws/install/robot_example/lib/python3.10/site-packages/robot_example/control/filters.py to filters.cpython-310.pyc
[15.095s] byte-compiling /root/Otomasi/Sistem-Otomasi-Robot/Robot/ros2_ws/install/robot_example/lib/python3.10/site-packages/robot_example/control/controller.py to controller.cpython-310.pyc
[15.116s] byte-compiling /root/Otomasi/Sistem-Otomasi-Robot/Robot/ros2_ws/install/robot_example/lib/python3.10/site-packages/robot_example/cli.py to cli.cpython-310.pyc
[15.130s] byte-compiling /root/Otomasi/Sistem-Otomasi-Robot/Robot/ros2_ws/install/robot_example/lib/python3.10/site-packages/robot_example/kinematics/mecanum.py to mecanum.cpython-310.pyc
[15.136s] byte-compiling /root/Otomasi/Sistem-Otomasi-Robot/Robot/ros2_ws/install/robot_example/lib/python3.10/site-packages/robot_example/kinematics/base.py to base.cpython-310.pyc
[15.144s] byte-compiling /root/Otomasi/Sistem-Otomasi-Robot/Robot/ros2_ws/install/robot_example/lib/python3.10/site-packages/robot_example/kinematics/differential.py to differential.cpython-310.pyc
[15.152s] byte-compiling /root/Otomasi/Sistem-Otomasi-Robot/Robot/ros2_ws/install/robot_example/lib/python3.10/site-packages/robot_example/kinematics/__init__.py to __init__.cpython-310.pyc
[15.153s] byte-compiling /root/Otomasi/Sistem-Otomasi-Robot/Robot/ros2_ws/install/robot_example/lib/python3.10/site-packages/robot_example/kinematics/omni.py to omni.cpython-310.pyc
[15.164s] byte-compiling /root/Otomasi/Sistem-Otomasi-Robot/Robot/ros2_ws/install/robot_example/lib/python3.10/site-packages/robot_example/kinematics/odometry.py to odometry.cpython-310.pyc
[15.181s] byte-compiling /root/Otomasi/Sistem-Otomasi-Robot/Robot/ros2_ws/install/robot_example/lib/python3.10/site-packages/robot_example/kinematics/ackermann.py to ackermann.cpython-310.pyc
[15.192s] byte-compiling /root/Otomasi/Sistem-Otomasi-Robot/Robot/ros2_ws/install/robot_example/lib/python3.10/site-packages/robot_example/ros2_controller.py to ros2_controller.cpython-310.pyc
[15.200s] byte-compiling /root/Otomasi/Sistem-Otomasi-Robot/Robot/ros2_ws/install/robot_example/lib/python3.10/site-packages/robot_example/ros2_hardware_monitor.py to ros2_hardware_monitor.cpython-310.pyc
[15.208s] byte-compiling /root/Otomasi/Sistem-Otomasi-Robot/Robot/ros2_ws/install/robot_example/lib/python3.10/site-packages/robot_example/ros2_kinematics.py to ros2_kinematics.cpython-310.pyc
[15.219s] running install_data
[15.219s] creating /root/Otomasi/Sistem-Otomasi-Robot/Robot/ros2_ws/install/robot_example/share/ament_index
[15.219s] creating /root/Otomasi/Sistem-Otomasi-Robot/Robot/ros2_ws/install/robot_example/share/ament_index/resource_index
[15.219s] creating /root/Otomasi/Sistem-Otomasi-Robot/Robot/ros2_ws/install/robot_example/share/ament_index/resource_index/packages
[15.220s] copying resource/robot_example -> /root/Otomasi/Sistem-Otomasi-Robot/Robot/ros2_ws/install/robot_example/share/ament_index/resource_index/packages
[15.225s] copying package.xml -> /root/Otomasi/Sistem-Otomasi-Robot/Robot/ros2_ws/install/robot_example/share/robot_example
[15.226s] running install_egg_info
[15.244s] Copying ../../build/robot_example/robot_example.egg-info to /root/Otomasi/Sistem-Otomasi-Robot/Robot/ros2_ws/install/robot_example/lib/python3.10/site-packages/robot_example-0.0.1-py3.10.egg-info
[15.252s] running install_scripts
[15.435s] Installing config_manager script to /root/Otomasi/Sistem-Otomasi-Robot/Robot/ros2_ws/install/robot_example/bin
[15.440s] Installing hardware_monitor script to /root/Otomasi/Sistem-Otomasi-Robot/Robot/ros2_ws/install/robot_example/bin
[15.442s] Installing kinematics_processor script to /root/Otomasi/Sistem-Otomasi-Robot/Robot/ros2_ws/install/robot_example/bin
[15.456s] Installing robot_controller script to /root/Otomasi/Sistem-Otomasi-Robot/Robot/ros2_ws/install/robot_example/bin
[15.456s] Installing robot_listener script to /root/Otomasi/Sistem-Otomasi-Robot/Robot/ros2_ws/install/robot_example/bin
[15.457s] Installing robot_talker script to /root/Otomasi/Sistem-Otomasi-Robot/Robot/ros2_ws/install/robot_example/bin
[15.468s] writing list of installed files to '/root/Otomasi/Sistem-Otomasi-Robot/Robot/ros2_ws/build/robot_example/install.log'
[15.847s] Invoked command in '/root/Otomasi/Sistem-Otomasi-Robot/Robot/ros2_ws/src/robot_example' returned '0': PYTHONPATH=/root/Otomasi/Sistem-Otomasi-Robot/Robot/ros2_ws/build/robot_example/prefix_override:/usr/lib/python3/dist-packages/colcon_core/task/python/colcon_distutils_commands:/root/Otomasi/Sistem-Otomasi-Robot/Robot/ros2_ws/install/robot_example/lib/python3.10/site-packages:${PYTHONPATH} /usr/bin/python3 -W ignore:setup.py install is deprecated -W ignore:easy_install command is deprecated setup.py egg_info --egg-base ../../build/robot_example build --build-base /root/Otomasi/Sistem-Otomasi-Robot/Robot/ros2_ws/build/robot_example/build install --record /root/Otomasi/Sistem-Otomasi-Robot/Robot/ros2_ws/build/robot_example/install.log --single-version-externally-managed install_data
