[2.171s] DEBUG:colcon:Command line arguments: ['/usr/bin/colcon', 'build', '--packages-select', 'robot_example']
[2.171s] DEBUG:colcon:Parsed command line arguments: Namespace(log_base=None, log_level=None, verb_name='build', build_base='build', install_base='install', merge_install=False, symlink_install=False, test_result_base=None, continue_on_error=False, executor='parallel', parallel_workers=4, event_handlers=None, ignore_user_meta=False, metas=['./colcon.meta'], base_paths=['.'], packages_ignore=None, packages_ignore_regex=None, paths=None, packages_up_to=None, packages_up_to_regex=None, packages_above=None, packages_above_and_dependencies=None, packages_above_depth=None, packages_select_by_dep=None, packages_skip_by_dep=None, packages_skip_up_to=None, packages_select_build_failed=False, packages_skip_build_finished=False, packages_select_test_failures=False, packages_skip_test_passed=False, packages_select=['robot_example'], packages_skip=None, packages_select_regex=None, packages_skip_regex=None, packages_start=None, packages_end=None, allow_overriding=[], cmake_args=None, cmake_target=None, cmake_target_skip_unavailable=False, cmake_clean_cache=False, cmake_clean_first=False, cmake_force_configure=False, ament_cmake_args=None, catkin_cmake_args=None, catkin_skip_building_tests=False, verb_parser=<colcon_defaults.argument_parser.defaults.DefaultArgumentsDecorator object at 0x7f1483b3cee0>, verb_extension=<colcon_core.verb.build.BuildVerb object at 0x7f1483b3c5b0>, main=<bound method BuildVerb.main of <colcon_core.verb.build.BuildVerb object at 0x7f1483b3c5b0>>)
[4.623s] Level 1:colcon.colcon_core.package_discovery:discover_packages(colcon_meta) check parameters
[4.624s] Level 1:colcon.colcon_core.package_discovery:discover_packages(recursive) check parameters
[4.624s] Level 1:colcon.colcon_core.package_discovery:discover_packages(ignore) check parameters
[4.624s] Level 1:colcon.colcon_core.package_discovery:discover_packages(path) check parameters
[4.624s] Level 1:colcon.colcon_core.package_discovery:discover_packages(colcon_meta) discover
[4.624s] Level 1:colcon.colcon_core.package_discovery:discover_packages(recursive) discover
[4.625s] INFO:colcon.colcon_core.package_discovery:Crawling recursively for packages in '/root/Otomasi/Sistem-Otomasi-Robot/Robot/ros2_ws'
[4.625s] Level 1:colcon.colcon_core.package_identification:_identify(.) by extensions ['ignore', 'ignore_ament_install']
[4.626s] Level 1:colcon.colcon_core.package_identification:_identify(.) by extension 'ignore'
[4.626s] Level 1:colcon.colcon_core.package_identification:_identify(.) by extension 'ignore_ament_install'
[4.626s] Level 1:colcon.colcon_core.package_identification:_identify(.) by extensions ['colcon_pkg']
[4.626s] Level 1:colcon.colcon_core.package_identification:_identify(.) by extension 'colcon_pkg'
[4.627s] Level 1:colcon.colcon_core.package_identification:_identify(.) by extensions ['colcon_meta']
[4.627s] Level 1:colcon.colcon_core.package_identification:_identify(.) by extension 'colcon_meta'
[4.627s] Level 1:colcon.colcon_core.package_identification:_identify(.) by extensions ['ros']
[4.627s] Level 1:colcon.colcon_core.package_identification:_identify(.) by extension 'ros'
[4.716s] Level 1:colcon.colcon_core.package_identification:_identify(.) by extensions ['cmake', 'python']
[4.716s] Level 1:colcon.colcon_core.package_identification:_identify(.) by extension 'cmake'
[4.716s] Level 1:colcon.colcon_core.package_identification:_identify(.) by extension 'python'
[4.716s] Level 1:colcon.colcon_core.package_identification:_identify(.) by extensions ['python_setup_py']
[4.716s] Level 1:colcon.colcon_core.package_identification:_identify(.) by extension 'python_setup_py'
[4.717s] Level 1:colcon.colcon_core.package_identification:_identify(build) by extensions ['ignore', 'ignore_ament_install']
[4.717s] Level 1:colcon.colcon_core.package_identification:_identify(build) by extension 'ignore'
[4.717s] Level 1:colcon.colcon_core.package_identification:_identify(build) ignored
[4.717s] Level 1:colcon.colcon_core.package_identification:_identify(install) by extensions ['ignore', 'ignore_ament_install']
[4.717s] Level 1:colcon.colcon_core.package_identification:_identify(install) by extension 'ignore'
[4.717s] Level 1:colcon.colcon_core.package_identification:_identify(install) ignored
[4.717s] Level 1:colcon.colcon_core.package_identification:_identify(log) by extensions ['ignore', 'ignore_ament_install']
[4.718s] Level 1:colcon.colcon_core.package_identification:_identify(log) by extension 'ignore'
[4.718s] Level 1:colcon.colcon_core.package_identification:_identify(log) ignored
[4.718s] Level 1:colcon.colcon_core.package_identification:_identify(src) by extensions ['ignore', 'ignore_ament_install']
[4.718s] Level 1:colcon.colcon_core.package_identification:_identify(src) by extension 'ignore'
[4.718s] Level 1:colcon.colcon_core.package_identification:_identify(src) by extension 'ignore_ament_install'
[4.718s] Level 1:colcon.colcon_core.package_identification:_identify(src) by extensions ['colcon_pkg']
[4.718s] Level 1:colcon.colcon_core.package_identification:_identify(src) by extension 'colcon_pkg'
[4.722s] Level 1:colcon.colcon_core.package_identification:_identify(src) by extensions ['colcon_meta']
[4.723s] Level 1:colcon.colcon_core.package_identification:_identify(src) by extension 'colcon_meta'
[4.723s] Level 1:colcon.colcon_core.package_identification:_identify(src) by extensions ['ros']
[4.723s] Level 1:colcon.colcon_core.package_identification:_identify(src) by extension 'ros'
[4.723s] Level 1:colcon.colcon_core.package_identification:_identify(src) by extensions ['cmake', 'python']
[4.723s] Level 1:colcon.colcon_core.package_identification:_identify(src) by extension 'cmake'
[4.723s] Level 1:colcon.colcon_core.package_identification:_identify(src) by extension 'python'
[4.723s] Level 1:colcon.colcon_core.package_identification:_identify(src) by extensions ['python_setup_py']
[4.723s] Level 1:colcon.colcon_core.package_identification:_identify(src) by extension 'python_setup_py'
[4.723s] Level 1:colcon.colcon_core.package_identification:_identify(src/robot_example) by extensions ['ignore', 'ignore_ament_install']
[4.723s] Level 1:colcon.colcon_core.package_identification:_identify(src/robot_example) by extension 'ignore'
[4.723s] Level 1:colcon.colcon_core.package_identification:_identify(src/robot_example) by extension 'ignore_ament_install'
[4.723s] Level 1:colcon.colcon_core.package_identification:_identify(src/robot_example) by extensions ['colcon_pkg']
[4.723s] Level 1:colcon.colcon_core.package_identification:_identify(src/robot_example) by extension 'colcon_pkg'
[4.723s] Level 1:colcon.colcon_core.package_identification:_identify(src/robot_example) by extensions ['colcon_meta']
[4.723s] Level 1:colcon.colcon_core.package_identification:_identify(src/robot_example) by extension 'colcon_meta'
[4.724s] Level 1:colcon.colcon_core.package_identification:_identify(src/robot_example) by extensions ['ros']
[4.724s] Level 1:colcon.colcon_core.package_identification:_identify(src/robot_example) by extension 'ros'
[4.747s] DEBUG:colcon.colcon_core.package_identification:Package 'src/robot_example' with type 'ros.ament_python' and name 'robot_example'
[4.748s] Level 1:colcon.colcon_core.package_discovery:discover_packages(recursive) using defaults
[4.748s] Level 1:colcon.colcon_core.package_discovery:discover_packages(ignore) discover
[4.748s] Level 1:colcon.colcon_core.package_discovery:discover_packages(ignore) using defaults
[4.748s] Level 1:colcon.colcon_core.package_discovery:discover_packages(path) discover
[4.748s] Level 1:colcon.colcon_core.package_discovery:discover_packages(path) using defaults
[4.955s] Level 1:colcon.colcon_core.package_discovery:discover_packages(prefix_path) check parameters
[4.956s] Level 1:colcon.colcon_core.package_discovery:discover_packages(prefix_path) discover
[4.958s] WARNING:colcon.colcon_ros.prefix_path.ament:The path '/root/Otomasi/Sistem-Otomasi-Robot/Robot/ros2_ws/install/robot_example' in the environment variable AMENT_PREFIX_PATH doesn't exist
[4.959s] DEBUG:colcon.colcon_installed_package_information.package_discovery:Found 0 installed packages in /root/Otomasi/Sistem-Otomasi-Robot/Robot/ros2_ws/install
[4.963s] DEBUG:colcon.colcon_installed_package_information.package_discovery:Found 478 installed packages in /opt/ros/humble
[4.969s] Level 1:colcon.colcon_core.package_discovery:discover_packages(prefix_path) using defaults
[5.419s] Level 5:colcon.colcon_core.verb:set package 'robot_example' build argument 'cmake_args' from command line to 'None'
[5.419s] Level 5:colcon.colcon_core.verb:set package 'robot_example' build argument 'cmake_target' from command line to 'None'
[5.420s] Level 5:colcon.colcon_core.verb:set package 'robot_example' build argument 'cmake_target_skip_unavailable' from command line to 'False'
[5.427s] Level 5:colcon.colcon_core.verb:set package 'robot_example' build argument 'cmake_clean_cache' from command line to 'False'
[5.427s] Level 5:colcon.colcon_core.verb:set package 'robot_example' build argument 'cmake_clean_first' from command line to 'False'
[5.427s] Level 5:colcon.colcon_core.verb:set package 'robot_example' build argument 'cmake_force_configure' from command line to 'False'
[5.427s] Level 5:colcon.colcon_core.verb:set package 'robot_example' build argument 'ament_cmake_args' from command line to 'None'
[5.427s] Level 5:colcon.colcon_core.verb:set package 'robot_example' build argument 'catkin_cmake_args' from command line to 'None'
[5.427s] Level 5:colcon.colcon_core.verb:set package 'robot_example' build argument 'catkin_skip_building_tests' from command line to 'False'
[5.427s] DEBUG:colcon.colcon_core.verb:Building package 'robot_example' with the following arguments: {'ament_cmake_args': None, 'build_base': '/root/Otomasi/Sistem-Otomasi-Robot/Robot/ros2_ws/build/robot_example', 'catkin_cmake_args': None, 'catkin_skip_building_tests': False, 'cmake_args': None, 'cmake_clean_cache': False, 'cmake_clean_first': False, 'cmake_force_configure': False, 'cmake_target': None, 'cmake_target_skip_unavailable': False, 'install_base': '/root/Otomasi/Sistem-Otomasi-Robot/Robot/ros2_ws/install/robot_example', 'merge_install': False, 'path': '/root/Otomasi/Sistem-Otomasi-Robot/Robot/ros2_ws/src/robot_example', 'symlink_install': False, 'test_result_base': None}
[5.428s] INFO:colcon.colcon_core.executor:Executing jobs using 'parallel' executor
[5.430s] DEBUG:colcon.colcon_parallel_executor.executor.parallel:run_until_complete
[5.430s] INFO:colcon.colcon_ros.task.ament_python.build:Building ROS package in '/root/Otomasi/Sistem-Otomasi-Robot/Robot/ros2_ws/src/robot_example' with build type 'ament_python'
[5.430s] Level 1:colcon.colcon_core.shell:create_environment_hook('robot_example', 'ament_prefix_path')
[5.455s] INFO:colcon.colcon_core.plugin_system:Skipping extension 'colcon_core.shell.bat': Not used on non-Windows systems
[5.456s] INFO:colcon.colcon_core.shell:Creating environment hook '/root/Otomasi/Sistem-Otomasi-Robot/Robot/ros2_ws/install/robot_example/share/robot_example/hook/ament_prefix_path.ps1'
[5.459s] INFO:colcon.colcon_core.shell:Creating environment descriptor '/root/Otomasi/Sistem-Otomasi-Robot/Robot/ros2_ws/install/robot_example/share/robot_example/hook/ament_prefix_path.dsv'
[5.470s] INFO:colcon.colcon_core.shell:Creating environment hook '/root/Otomasi/Sistem-Otomasi-Robot/Robot/ros2_ws/install/robot_example/share/robot_example/hook/ament_prefix_path.sh'
[5.473s] INFO:colcon.colcon_core.shell:Skip shell extension 'powershell' for command environment: Not usable outside of PowerShell
[5.473s] DEBUG:colcon.colcon_core.shell:Skip shell extension 'dsv' for command environment
[10.448s] INFO:colcon.colcon_core.task.python.build:Building Python package in '/root/Otomasi/Sistem-Otomasi-Robot/Robot/ros2_ws/src/robot_example'
[10.448s] INFO:colcon.colcon_core.shell:Skip shell extension 'powershell' for command environment: Not usable outside of PowerShell
[10.449s] DEBUG:colcon.colcon_core.shell:Skip shell extension 'dsv' for command environment
[16.408s] DEBUG:colcon.colcon_core.event_handler.log_command:Invoking command in '/root/Otomasi/Sistem-Otomasi-Robot/Robot/ros2_ws/src/robot_example': PYTHONPATH=/root/Otomasi/Sistem-Otomasi-Robot/Robot/ros2_ws/build/robot_example/prefix_override:/usr/lib/python3/dist-packages/colcon_core/task/python/colcon_distutils_commands:/root/Otomasi/Sistem-Otomasi-Robot/Robot/ros2_ws/install/robot_example/lib/python3.10/site-packages:${PYTHONPATH} /usr/bin/python3 -W ignore:setup.py install is deprecated -W ignore:easy_install command is deprecated setup.py egg_info --egg-base ../../build/robot_example build --build-base /root/Otomasi/Sistem-Otomasi-Robot/Robot/ros2_ws/build/robot_example/build install --record /root/Otomasi/Sistem-Otomasi-Robot/Robot/ros2_ws/build/robot_example/install.log --single-version-externally-managed install_data
[21.298s] DEBUG:colcon.colcon_core.event_handler.log_command:Invoked command in '/root/Otomasi/Sistem-Otomasi-Robot/Robot/ros2_ws/src/robot_example' returned '0': PYTHONPATH=/root/Otomasi/Sistem-Otomasi-Robot/Robot/ros2_ws/build/robot_example/prefix_override:/usr/lib/python3/dist-packages/colcon_core/task/python/colcon_distutils_commands:/root/Otomasi/Sistem-Otomasi-Robot/Robot/ros2_ws/install/robot_example/lib/python3.10/site-packages:${PYTHONPATH} /usr/bin/python3 -W ignore:setup.py install is deprecated -W ignore:easy_install command is deprecated setup.py egg_info --egg-base ../../build/robot_example build --build-base /root/Otomasi/Sistem-Otomasi-Robot/Robot/ros2_ws/build/robot_example/build install --record /root/Otomasi/Sistem-Otomasi-Robot/Robot/ros2_ws/build/robot_example/install.log --single-version-externally-managed install_data
[21.311s] Level 1:colcon.colcon_core.environment:checking '/root/Otomasi/Sistem-Otomasi-Robot/Robot/ros2_ws/install/robot_example' for CMake module files
[21.312s] Level 1:colcon.colcon_core.environment:checking '/root/Otomasi/Sistem-Otomasi-Robot/Robot/ros2_ws/install/robot_example' for CMake config files
[21.314s] Level 1:colcon.colcon_core.environment:checking '/root/Otomasi/Sistem-Otomasi-Robot/Robot/ros2_ws/install/robot_example/lib'
[21.315s] Level 1:colcon.colcon_core.environment:checking '/root/Otomasi/Sistem-Otomasi-Robot/Robot/ros2_ws/install/robot_example/bin'
[21.315s] Level 1:colcon.colcon_core.shell:create_environment_hook('robot_example', 'path')
[21.317s] INFO:colcon.colcon_core.shell:Creating environment hook '/root/Otomasi/Sistem-Otomasi-Robot/Robot/ros2_ws/install/robot_example/share/robot_example/hook/path.ps1'
[21.328s] INFO:colcon.colcon_core.shell:Creating environment descriptor '/root/Otomasi/Sistem-Otomasi-Robot/Robot/ros2_ws/install/robot_example/share/robot_example/hook/path.dsv'
[21.339s] INFO:colcon.colcon_core.shell:Creating environment hook '/root/Otomasi/Sistem-Otomasi-Robot/Robot/ros2_ws/install/robot_example/share/robot_example/hook/path.sh'
[21.341s] Level 1:colcon.colcon_core.environment:checking '/root/Otomasi/Sistem-Otomasi-Robot/Robot/ros2_ws/install/robot_example/lib/pkgconfig/robot_example.pc'
[21.341s] Level 1:colcon.colcon_core.environment:checking '/root/Otomasi/Sistem-Otomasi-Robot/Robot/ros2_ws/install/robot_example/lib/python3.10/site-packages'
[21.341s] Level 1:colcon.colcon_core.shell:create_environment_hook('robot_example', 'pythonpath')
[21.342s] INFO:colcon.colcon_core.shell:Creating environment hook '/root/Otomasi/Sistem-Otomasi-Robot/Robot/ros2_ws/install/robot_example/share/robot_example/hook/pythonpath.ps1'
[21.363s] INFO:colcon.colcon_core.shell:Creating environment descriptor '/root/Otomasi/Sistem-Otomasi-Robot/Robot/ros2_ws/install/robot_example/share/robot_example/hook/pythonpath.dsv'
[21.365s] INFO:colcon.colcon_core.shell:Creating environment hook '/root/Otomasi/Sistem-Otomasi-Robot/Robot/ros2_ws/install/robot_example/share/robot_example/hook/pythonpath.sh'
[21.373s] Level 1:colcon.colcon_core.environment:checking '/root/Otomasi/Sistem-Otomasi-Robot/Robot/ros2_ws/install/robot_example/bin'
[21.373s] Level 1:colcon.colcon_core.shell:create_environment_hook('robot_example', 'pythonscriptspath')
[21.374s] INFO:colcon.colcon_core.shell:Creating environment hook '/root/Otomasi/Sistem-Otomasi-Robot/Robot/ros2_ws/install/robot_example/share/robot_example/hook/pythonscriptspath.ps1'
[21.398s] INFO:colcon.colcon_core.shell:Creating environment descriptor '/root/Otomasi/Sistem-Otomasi-Robot/Robot/ros2_ws/install/robot_example/share/robot_example/hook/pythonscriptspath.dsv'
[21.411s] INFO:colcon.colcon_core.shell:Creating environment hook '/root/Otomasi/Sistem-Otomasi-Robot/Robot/ros2_ws/install/robot_example/share/robot_example/hook/pythonscriptspath.sh'
[21.413s] Level 1:colcon.colcon_core.environment:create_environment_scripts_only(robot_example)
[21.423s] INFO:colcon.colcon_core.shell:Creating package script '/root/Otomasi/Sistem-Otomasi-Robot/Robot/ros2_ws/install/robot_example/share/robot_example/package.ps1'
[21.427s] INFO:colcon.colcon_core.shell:Creating package descriptor '/root/Otomasi/Sistem-Otomasi-Robot/Robot/ros2_ws/install/robot_example/share/robot_example/package.dsv'
[21.452s] INFO:colcon.colcon_core.shell:Creating package script '/root/Otomasi/Sistem-Otomasi-Robot/Robot/ros2_ws/install/robot_example/share/robot_example/package.sh'
[21.460s] INFO:colcon.colcon_core.shell:Creating package script '/root/Otomasi/Sistem-Otomasi-Robot/Robot/ros2_ws/install/robot_example/share/robot_example/package.bash'
[21.470s] INFO:colcon.colcon_core.shell:Creating package script '/root/Otomasi/Sistem-Otomasi-Robot/Robot/ros2_ws/install/robot_example/share/robot_example/package.zsh'
[21.484s] Level 1:colcon.colcon_core.environment:create_file_with_runtime_dependencies(/root/Otomasi/Sistem-Otomasi-Robot/Robot/ros2_ws/install/robot_example/share/colcon-core/packages/robot_example)
[21.489s] DEBUG:colcon.colcon_parallel_executor.executor.parallel:closing loop
[21.489s] DEBUG:colcon.colcon_parallel_executor.executor.parallel:loop closed
[21.489s] DEBUG:colcon.colcon_parallel_executor.executor.parallel:run_until_complete finished with '0'
[21.489s] DEBUG:colcon.colcon_core.event_reactor:joining thread
[21.505s] INFO:colcon.colcon_core.plugin_system:Skipping extension 'colcon_notification.desktop_notification.notify_send': Could not find 'notify-send'
[21.505s] INFO:colcon.colcon_core.plugin_system:Skipping extension 'colcon_notification.desktop_notification.terminal_notifier': Not used on non-Darwin systems
[21.505s] INFO:colcon.colcon_core.plugin_system:Skipping extension 'colcon_notification.desktop_notification.win32': Not used on non-Windows systems
[21.505s] INFO:colcon.colcon_notification.desktop_notification:Sending desktop notification using 'notify2'
[21.535s] DEBUG:colcon.colcon_notification.desktop_notification.notify2:Failed to initialize notify2: org.freedesktop.DBus.Error.ServiceUnknown: The name org.freedesktop.Notifications was not provided by any .service files
[21.536s] DEBUG:colcon.colcon_core.event_reactor:joined thread
[21.536s] INFO:colcon.colcon_core.shell:Creating prefix script '/root/Otomasi/Sistem-Otomasi-Robot/Robot/ros2_ws/install/local_setup.ps1'
[21.555s] INFO:colcon.colcon_core.shell:Creating prefix util module '/root/Otomasi/Sistem-Otomasi-Robot/Robot/ros2_ws/install/_local_setup_util_ps1.py'
[21.565s] INFO:colcon.colcon_core.shell:Creating prefix chain script '/root/Otomasi/Sistem-Otomasi-Robot/Robot/ros2_ws/install/setup.ps1'
[21.577s] INFO:colcon.colcon_core.shell:Creating prefix script '/root/Otomasi/Sistem-Otomasi-Robot/Robot/ros2_ws/install/local_setup.sh'
[21.579s] INFO:colcon.colcon_core.shell:Creating prefix util module '/root/Otomasi/Sistem-Otomasi-Robot/Robot/ros2_ws/install/_local_setup_util_sh.py'
[21.581s] INFO:colcon.colcon_core.shell:Creating prefix chain script '/root/Otomasi/Sistem-Otomasi-Robot/Robot/ros2_ws/install/setup.sh'
[21.595s] INFO:colcon.colcon_core.shell:Creating prefix script '/root/Otomasi/Sistem-Otomasi-Robot/Robot/ros2_ws/install/local_setup.bash'
[21.606s] INFO:colcon.colcon_core.shell:Creating prefix chain script '/root/Otomasi/Sistem-Otomasi-Robot/Robot/ros2_ws/install/setup.bash'
[21.610s] INFO:colcon.colcon_core.shell:Creating prefix script '/root/Otomasi/Sistem-Otomasi-Robot/Robot/ros2_ws/install/local_setup.zsh'
[21.620s] INFO:colcon.colcon_core.shell:Creating prefix chain script '/root/Otomasi/Sistem-Otomasi-Robot/Robot/ros2_ws/install/setup.zsh'
