Built target ament_cmake_python_symlink_robot_autonomous
running egg_info
writing robot_autonomous.egg-info/PKG-INFO
writing dependency_links to robot_autonomous.egg-info/dependency_links.txt
writing top-level names to robot_autonomous.egg-info/top_level.txt
reading manifest file 'robot_autonomous.egg-info/SOURCES.txt'
writing manifest file 'robot_autonomous.egg-info/SOURCES.txt'
Built target ament_cmake_python_build_robot_autonomous_egg
-- Install configuration: ""
-- Execute custom install script
-- Up-to-date symlink: /root/Sistem-Otomasi-Robot/Robot-MiniPC/install/robot_autonomous/share/robot_autonomous/environment/pythonpath.sh
-- Up-to-date symlink: /root/Sistem-Otomasi-Robot/Robot-MiniPC/install/robot_autonomous/share/robot_autonomous/environment/pythonpath.dsv
-- Up-to-date symlink: /root/Sistem-Otomasi-Robot/Robot-MiniPC/install/robot_autonomous/local/lib/python3.10/dist-packages/robot_autonomous-1.0.0-py3.10.egg-info/PKG-INFO
-- Up-to-date symlink: /root/Sistem-Otomasi-Robot/Robot-MiniPC/install/robot_autonomous/local/lib/python3.10/dist-packages/robot_autonomous-1.0.0-py3.10.egg-info/SOURCES.txt
-- Up-to-date symlink: /root/Sistem-Otomasi-Robot/Robot-MiniPC/install/robot_autonomous/local/lib/python3.10/dist-packages/robot_autonomous-1.0.0-py3.10.egg-info/dependency_links.txt
-- Up-to-date symlink: /root/Sistem-Otomasi-Robot/Robot-MiniPC/install/robot_autonomous/local/lib/python3.10/dist-packages/robot_autonomous-1.0.0-py3.10.egg-info/top_level.txt
-- Up-to-date symlink: /root/Sistem-Otomasi-Robot/Robot-MiniPC/install/robot_autonomous/local/lib/python3.10/dist-packages/robot_autonomous/__init__.py
-- Up-to-date symlink: /root/Sistem-Otomasi-Robot/Robot-MiniPC/install/robot_autonomous/local/lib/python3.10/dist-packages/robot_autonomous/gps_driver_node.py
-- Up-to-date symlink: /root/Sistem-Otomasi-Robot/Robot-MiniPC/install/robot_autonomous/local/lib/python3.10/dist-packages/robot_autonomous/imu_driver_node.py
-- Up-to-date symlink: /root/Sistem-Otomasi-Robot/Robot-MiniPC/install/robot_autonomous/local/lib/python3.10/dist-packages/robot_autonomous/robot_controller_node.py
-- Up-to-date symlink: /root/Sistem-Otomasi-Robot/Robot-MiniPC/install/robot_autonomous/lib/robot_autonomous/gps_driver_node.py
-- Up-to-date symlink: /root/Sistem-Otomasi-Robot/Robot-MiniPC/install/robot_autonomous/lib/robot_autonomous/imu_driver_node.py
-- Up-to-date symlink: /root/Sistem-Otomasi-Robot/Robot-MiniPC/install/robot_autonomous/lib/robot_autonomous/robot_controller_node.py
-- Up-to-date symlink: /root/Sistem-Otomasi-Robot/Robot-MiniPC/install/robot_autonomous/share/robot_autonomous/launch/autonomous_robot.launch.py
-- Up-to-date symlink: /root/Sistem-Otomasi-Robot/Robot-MiniPC/install/robot_autonomous/share/robot_autonomous/config/ekf_config.yaml
-- Up-to-date symlink: /root/Sistem-Otomasi-Robot/Robot-MiniPC/install/robot_autonomous/share/robot_autonomous/config/nav2_params.yaml
-- Symlinking: /root/Sistem-Otomasi-Robot/Robot-MiniPC/install/robot_autonomous/share/ament_index/resource_index/packages/robot_autonomous
-- Up-to-date symlink: /root/Sistem-Otomasi-Robot/Robot-MiniPC/install/robot_autonomous/share/robot_autonomous/package.xml
-- Up-to-date symlink: /root/Sistem-Otomasi-Robot/Robot-MiniPC/install/robot_autonomous/share/ament_index/resource_index/package_run_dependencies/robot_autonomous
-- Up-to-date symlink: /root/Sistem-Otomasi-Robot/Robot-MiniPC/install/robot_autonomous/share/ament_index/resource_index/parent_prefix_path/robot_autonomous
-- Up-to-date symlink: /root/Sistem-Otomasi-Robot/Robot-MiniPC/install/robot_autonomous/share/robot_autonomous/environment/ament_prefix_path.sh
-- Up-to-date symlink: /root/Sistem-Otomasi-Robot/Robot-MiniPC/install/robot_autonomous/share/robot_autonomous/environment/ament_prefix_path.dsv
-- Up-to-date symlink: /root/Sistem-Otomasi-Robot/Robot-MiniPC/install/robot_autonomous/share/robot_autonomous/environment/path.sh
-- Up-to-date symlink: /root/Sistem-Otomasi-Robot/Robot-MiniPC/install/robot_autonomous/share/robot_autonomous/environment/path.dsv
-- Up-to-date symlink: /root/Sistem-Otomasi-Robot/Robot-MiniPC/install/robot_autonomous/share/robot_autonomous/local_setup.bash
-- Up-to-date symlink: /root/Sistem-Otomasi-Robot/Robot-MiniPC/install/robot_autonomous/share/robot_autonomous/local_setup.sh
-- Up-to-date symlink: /root/Sistem-Otomasi-Robot/Robot-MiniPC/install/robot_autonomous/share/robot_autonomous/local_setup.zsh
-- Up-to-date symlink: /root/Sistem-Otomasi-Robot/Robot-MiniPC/install/robot_autonomous/share/robot_autonomous/local_setup.dsv
-- Symlinking: /root/Sistem-Otomasi-Robot/Robot-MiniPC/install/robot_autonomous/share/robot_autonomous/package.dsv
-- Symlinking: /root/Sistem-Otomasi-Robot/Robot-MiniPC/install/robot_autonomous/share/ament_index/resource_index/packages/robot_autonomous
-- Up-to-date symlink: /root/Sistem-Otomasi-Robot/Robot-MiniPC/install/robot_autonomous/share/robot_autonomous/cmake/robot_autonomousConfig.cmake
-- Up-to-date symlink: /root/Sistem-Otomasi-Robot/Robot-MiniPC/install/robot_autonomous/share/robot_autonomous/cmake/robot_autonomousConfig-version.cmake
-- Up-to-date symlink: /root/Sistem-Otomasi-Robot/Robot-MiniPC/install/robot_autonomous/share/robot_autonomous/package.xml
Listing '/root/Sistem-Otomasi-Robot/Robot-MiniPC/install/robot_autonomous/local/lib/python3.10/dist-packages/robot_autonomous'...
