[1.256s] DEBUG:colcon:Command line arguments: ['/usr/bin/colcon', 'build', '--packages-select', 'robot_example']
[1.257s] DEBUG:colcon:Parsed command line arguments: Namespace(log_base=None, log_level=None, verb_name='build', build_base='build', install_base='install', merge_install=False, symlink_install=False, test_result_base=None, continue_on_error=False, executor='parallel', parallel_workers=4, event_handlers=None, ignore_user_meta=False, metas=['./colcon.meta'], base_paths=['.'], packages_ignore=None, packages_ignore_regex=None, paths=None, packages_up_to=None, packages_up_to_regex=None, packages_above=None, packages_above_and_dependencies=None, packages_above_depth=None, packages_select_by_dep=None, packages_skip_by_dep=None, packages_skip_up_to=None, packages_select_build_failed=False, packages_skip_build_finished=False, packages_select_test_failures=False, packages_skip_test_passed=False, packages_select=['robot_example'], packages_skip=None, packages_select_regex=None, packages_skip_regex=None, packages_start=None, packages_end=None, allow_overriding=[], cmake_args=None, cmake_target=None, cmake_target_skip_unavailable=False, cmake_clean_cache=False, cmake_clean_first=False, cmake_force_configure=False, ament_cmake_args=None, catkin_cmake_args=None, catkin_skip_building_tests=False, verb_parser=<colcon_defaults.argument_parser.defaults.DefaultArgumentsDecorator object at 0x7ffaef0c4fa0>, verb_extension=<colcon_core.verb.build.BuildVerb object at 0x7ffaef0c4670>, main=<bound method BuildVerb.main of <colcon_core.verb.build.BuildVerb object at 0x7ffaef0c4670>>)
[2.833s] Level 1:colcon.colcon_core.package_discovery:discover_packages(colcon_meta) check parameters
[2.833s] Level 1:colcon.colcon_core.package_discovery:discover_packages(recursive) check parameters
[2.833s] Level 1:colcon.colcon_core.package_discovery:discover_packages(ignore) check parameters
[2.833s] Level 1:colcon.colcon_core.package_discovery:discover_packages(path) check parameters
[2.833s] Level 1:colcon.colcon_core.package_discovery:discover_packages(colcon_meta) discover
[2.833s] Level 1:colcon.colcon_core.package_discovery:discover_packages(recursive) discover
[2.833s] INFO:colcon.colcon_core.package_discovery:Crawling recursively for packages in '/root/Otomasi/Sistem-Otomasi-Robot/Robot/ros2_ws'
[2.833s] Level 1:colcon.colcon_core.package_identification:_identify(.) by extensions ['ignore', 'ignore_ament_install']
[2.834s] Level 1:colcon.colcon_core.package_identification:_identify(.) by extension 'ignore'
[2.834s] Level 1:colcon.colcon_core.package_identification:_identify(.) by extension 'ignore_ament_install'
[2.834s] Level 1:colcon.colcon_core.package_identification:_identify(.) by extensions ['colcon_pkg']
[2.834s] Level 1:colcon.colcon_core.package_identification:_identify(.) by extension 'colcon_pkg'
[2.834s] Level 1:colcon.colcon_core.package_identification:_identify(.) by extensions ['colcon_meta']
[2.834s] Level 1:colcon.colcon_core.package_identification:_identify(.) by extension 'colcon_meta'
[2.834s] Level 1:colcon.colcon_core.package_identification:_identify(.) by extensions ['ros']
[2.863s] Level 1:colcon.colcon_core.package_identification:_identify(.) by extension 'ros'
[2.970s] Level 1:colcon.colcon_core.package_identification:_identify(.) by extensions ['cmake', 'python']
[2.974s] Level 1:colcon.colcon_core.package_identification:_identify(.) by extension 'cmake'
[2.975s] Level 1:colcon.colcon_core.package_identification:_identify(.) by extension 'python'
[2.975s] Level 1:colcon.colcon_core.package_identification:_identify(.) by extensions ['python_setup_py']
[2.980s] Level 1:colcon.colcon_core.package_identification:_identify(.) by extension 'python_setup_py'
[2.980s] Level 1:colcon.colcon_core.package_identification:_identify(build) by extensions ['ignore', 'ignore_ament_install']
[2.981s] Level 1:colcon.colcon_core.package_identification:_identify(build) by extension 'ignore'
[2.981s] Level 1:colcon.colcon_core.package_identification:_identify(build) ignored
[2.985s] Level 1:colcon.colcon_core.package_identification:_identify(install) by extensions ['ignore', 'ignore_ament_install']
[2.991s] Level 1:colcon.colcon_core.package_identification:_identify(install) by extension 'ignore'
[2.991s] Level 1:colcon.colcon_core.package_identification:_identify(install) ignored
[2.995s] Level 1:colcon.colcon_core.package_identification:_identify(log) by extensions ['ignore', 'ignore_ament_install']
[2.995s] Level 1:colcon.colcon_core.package_identification:_identify(log) by extension 'ignore'
[2.995s] Level 1:colcon.colcon_core.package_identification:_identify(log) ignored
[2.996s] Level 1:colcon.colcon_core.package_identification:_identify(src) by extensions ['ignore', 'ignore_ament_install']
[2.996s] Level 1:colcon.colcon_core.package_identification:_identify(src) by extension 'ignore'
[2.996s] Level 1:colcon.colcon_core.package_identification:_identify(src) by extension 'ignore_ament_install'
[2.997s] Level 1:colcon.colcon_core.package_identification:_identify(src) by extensions ['colcon_pkg']
[2.997s] Level 1:colcon.colcon_core.package_identification:_identify(src) by extension 'colcon_pkg'
[2.997s] Level 1:colcon.colcon_core.package_identification:_identify(src) by extensions ['colcon_meta']
[2.998s] Level 1:colcon.colcon_core.package_identification:_identify(src) by extension 'colcon_meta'
[2.998s] Level 1:colcon.colcon_core.package_identification:_identify(src) by extensions ['ros']
[3.007s] Level 1:colcon.colcon_core.package_identification:_identify(src) by extension 'ros'
[3.012s] Level 1:colcon.colcon_core.package_identification:_identify(src) by extensions ['cmake', 'python']
[3.012s] Level 1:colcon.colcon_core.package_identification:_identify(src) by extension 'cmake'
[3.013s] Level 1:colcon.colcon_core.package_identification:_identify(src) by extension 'python'
[3.013s] Level 1:colcon.colcon_core.package_identification:_identify(src) by extensions ['python_setup_py']
[3.013s] Level 1:colcon.colcon_core.package_identification:_identify(src) by extension 'python_setup_py'
[3.013s] Level 1:colcon.colcon_core.package_identification:_identify(src/robot_example) by extensions ['ignore', 'ignore_ament_install']
[3.014s] Level 1:colcon.colcon_core.package_identification:_identify(src/robot_example) by extension 'ignore'
[3.027s] Level 1:colcon.colcon_core.package_identification:_identify(src/robot_example) by extension 'ignore_ament_install'
[3.027s] Level 1:colcon.colcon_core.package_identification:_identify(src/robot_example) by extensions ['colcon_pkg']
[3.028s] Level 1:colcon.colcon_core.package_identification:_identify(src/robot_example) by extension 'colcon_pkg'
[3.028s] Level 1:colcon.colcon_core.package_identification:_identify(src/robot_example) by extensions ['colcon_meta']
[3.028s] Level 1:colcon.colcon_core.package_identification:_identify(src/robot_example) by extension 'colcon_meta'
[3.029s] Level 1:colcon.colcon_core.package_identification:_identify(src/robot_example) by extensions ['ros']
[3.029s] Level 1:colcon.colcon_core.package_identification:_identify(src/robot_example) by extension 'ros'
[3.057s] DEBUG:colcon.colcon_core.package_identification:Package 'src/robot_example' with type 'ros.ament_python' and name 'robot_example'
[3.075s] Level 1:colcon.colcon_core.package_discovery:discover_packages(recursive) using defaults
[3.075s] Level 1:colcon.colcon_core.package_discovery:discover_packages(ignore) discover
[3.076s] Level 1:colcon.colcon_core.package_discovery:discover_packages(ignore) using defaults
[3.076s] Level 1:colcon.colcon_core.package_discovery:discover_packages(path) discover
[3.076s] Level 1:colcon.colcon_core.package_discovery:discover_packages(path) using defaults
[3.284s] Level 1:colcon.colcon_core.package_discovery:discover_packages(prefix_path) check parameters
[3.284s] Level 1:colcon.colcon_core.package_discovery:discover_packages(prefix_path) discover
[3.289s] DEBUG:colcon.colcon_installed_package_information.package_discovery:Found 1 installed packages in /root/Otomasi/Sistem-Otomasi-Robot/Robot/ros2_ws/install
[3.311s] DEBUG:colcon.colcon_installed_package_information.package_discovery:Found 478 installed packages in /opt/ros/humble
[3.321s] Level 1:colcon.colcon_core.package_discovery:discover_packages(prefix_path) using defaults
[3.819s] Level 5:colcon.colcon_core.verb:set package 'robot_example' build argument 'cmake_args' from command line to 'None'
[3.819s] Level 5:colcon.colcon_core.verb:set package 'robot_example' build argument 'cmake_target' from command line to 'None'
[3.819s] Level 5:colcon.colcon_core.verb:set package 'robot_example' build argument 'cmake_target_skip_unavailable' from command line to 'False'
[3.819s] Level 5:colcon.colcon_core.verb:set package 'robot_example' build argument 'cmake_clean_cache' from command line to 'False'
[3.819s] Level 5:colcon.colcon_core.verb:set package 'robot_example' build argument 'cmake_clean_first' from command line to 'False'
[3.819s] Level 5:colcon.colcon_core.verb:set package 'robot_example' build argument 'cmake_force_configure' from command line to 'False'
[3.819s] Level 5:colcon.colcon_core.verb:set package 'robot_example' build argument 'ament_cmake_args' from command line to 'None'
[3.819s] Level 5:colcon.colcon_core.verb:set package 'robot_example' build argument 'catkin_cmake_args' from command line to 'None'
[3.819s] Level 5:colcon.colcon_core.verb:set package 'robot_example' build argument 'catkin_skip_building_tests' from command line to 'False'
[3.819s] DEBUG:colcon.colcon_core.verb:Building package 'robot_example' with the following arguments: {'ament_cmake_args': None, 'build_base': '/root/Otomasi/Sistem-Otomasi-Robot/Robot/ros2_ws/build/robot_example', 'catkin_cmake_args': None, 'catkin_skip_building_tests': False, 'cmake_args': None, 'cmake_clean_cache': False, 'cmake_clean_first': False, 'cmake_force_configure': False, 'cmake_target': None, 'cmake_target_skip_unavailable': False, 'install_base': '/root/Otomasi/Sistem-Otomasi-Robot/Robot/ros2_ws/install/robot_example', 'merge_install': False, 'path': '/root/Otomasi/Sistem-Otomasi-Robot/Robot/ros2_ws/src/robot_example', 'symlink_install': False, 'test_result_base': None}
[3.819s] INFO:colcon.colcon_core.executor:Executing jobs using 'parallel' executor
[3.831s] DEBUG:colcon.colcon_parallel_executor.executor.parallel:run_until_complete
[3.832s] INFO:colcon.colcon_ros.task.ament_python.build:Building ROS package in '/root/Otomasi/Sistem-Otomasi-Robot/Robot/ros2_ws/src/robot_example' with build type 'ament_python'
[3.832s] Level 1:colcon.colcon_core.shell:create_environment_hook('robot_example', 'ament_prefix_path')
[3.835s] INFO:colcon.colcon_core.plugin_system:Skipping extension 'colcon_core.shell.bat': Not used on non-Windows systems
[3.836s] INFO:colcon.colcon_core.shell:Creating environment hook '/root/Otomasi/Sistem-Otomasi-Robot/Robot/ros2_ws/install/robot_example/share/robot_example/hook/ament_prefix_path.ps1'
[3.837s] INFO:colcon.colcon_core.shell:Creating environment descriptor '/root/Otomasi/Sistem-Otomasi-Robot/Robot/ros2_ws/install/robot_example/share/robot_example/hook/ament_prefix_path.dsv'
[3.837s] INFO:colcon.colcon_core.shell:Creating environment hook '/root/Otomasi/Sistem-Otomasi-Robot/Robot/ros2_ws/install/robot_example/share/robot_example/hook/ament_prefix_path.sh'
[3.845s] INFO:colcon.colcon_core.shell:Skip shell extension 'powershell' for command environment: Not usable outside of PowerShell
[3.845s] DEBUG:colcon.colcon_core.shell:Skip shell extension 'dsv' for command environment
[6.233s] INFO:colcon.colcon_core.task.python.build:Building Python package in '/root/Otomasi/Sistem-Otomasi-Robot/Robot/ros2_ws/src/robot_example'
[6.233s] INFO:colcon.colcon_core.shell:Skip shell extension 'powershell' for command environment: Not usable outside of PowerShell
[6.234s] DEBUG:colcon.colcon_core.shell:Skip shell extension 'dsv' for command environment
[9.829s] DEBUG:colcon.colcon_core.event_handler.log_command:Invoking command in '/root/Otomasi/Sistem-Otomasi-Robot/Robot/ros2_ws/src/robot_example': PYTHONPATH=/root/Otomasi/Sistem-Otomasi-Robot/Robot/ros2_ws/build/robot_example/prefix_override:/usr/lib/python3/dist-packages/colcon_core/task/python/colcon_distutils_commands:/root/Otomasi/Sistem-Otomasi-Robot/Robot/ros2_ws/install/robot_example/lib/python3.10/site-packages:${PYTHONPATH} /usr/bin/python3 -W ignore:setup.py install is deprecated -W ignore:easy_install command is deprecated setup.py egg_info --egg-base ../../build/robot_example build --build-base /root/Otomasi/Sistem-Otomasi-Robot/Robot/ros2_ws/build/robot_example/build install --record /root/Otomasi/Sistem-Otomasi-Robot/Robot/ros2_ws/build/robot_example/install.log --single-version-externally-managed install_data
[12.460s] DEBUG:colcon.colcon_core.event_handler.log_command:Invoked command in '/root/Otomasi/Sistem-Otomasi-Robot/Robot/ros2_ws/src/robot_example' returned '0': PYTHONPATH=/root/Otomasi/Sistem-Otomasi-Robot/Robot/ros2_ws/build/robot_example/prefix_override:/usr/lib/python3/dist-packages/colcon_core/task/python/colcon_distutils_commands:/root/Otomasi/Sistem-Otomasi-Robot/Robot/ros2_ws/install/robot_example/lib/python3.10/site-packages:${PYTHONPATH} /usr/bin/python3 -W ignore:setup.py install is deprecated -W ignore:easy_install command is deprecated setup.py egg_info --egg-base ../../build/robot_example build --build-base /root/Otomasi/Sistem-Otomasi-Robot/Robot/ros2_ws/build/robot_example/build install --record /root/Otomasi/Sistem-Otomasi-Robot/Robot/ros2_ws/build/robot_example/install.log --single-version-externally-managed install_data
[12.461s] Level 1:colcon.colcon_core.environment:checking '/root/Otomasi/Sistem-Otomasi-Robot/Robot/ros2_ws/install/robot_example' for CMake module files
[12.462s] Level 1:colcon.colcon_core.environment:checking '/root/Otomasi/Sistem-Otomasi-Robot/Robot/ros2_ws/install/robot_example' for CMake config files
[12.464s] Level 1:colcon.colcon_core.environment:checking '/root/Otomasi/Sistem-Otomasi-Robot/Robot/ros2_ws/install/robot_example/lib'
[12.465s] Level 1:colcon.colcon_core.environment:checking '/root/Otomasi/Sistem-Otomasi-Robot/Robot/ros2_ws/install/robot_example/bin'
[12.465s] Level 1:colcon.colcon_core.shell:create_environment_hook('robot_example', 'path')
[12.465s] INFO:colcon.colcon_core.shell:Creating environment hook '/root/Otomasi/Sistem-Otomasi-Robot/Robot/ros2_ws/install/robot_example/share/robot_example/hook/path.ps1'
[12.483s] INFO:colcon.colcon_core.shell:Creating environment descriptor '/root/Otomasi/Sistem-Otomasi-Robot/Robot/ros2_ws/install/robot_example/share/robot_example/hook/path.dsv'
[12.484s] INFO:colcon.colcon_core.shell:Creating environment hook '/root/Otomasi/Sistem-Otomasi-Robot/Robot/ros2_ws/install/robot_example/share/robot_example/hook/path.sh'
[12.485s] Level 1:colcon.colcon_core.environment:checking '/root/Otomasi/Sistem-Otomasi-Robot/Robot/ros2_ws/install/robot_example/lib/pkgconfig/robot_example.pc'
[12.486s] Level 1:colcon.colcon_core.environment:checking '/root/Otomasi/Sistem-Otomasi-Robot/Robot/ros2_ws/install/robot_example/lib/python3.10/site-packages'
[12.486s] Level 1:colcon.colcon_core.shell:create_environment_hook('robot_example', 'pythonpath')
[12.487s] INFO:colcon.colcon_core.shell:Creating environment hook '/root/Otomasi/Sistem-Otomasi-Robot/Robot/ros2_ws/install/robot_example/share/robot_example/hook/pythonpath.ps1'
[12.488s] INFO:colcon.colcon_core.shell:Creating environment descriptor '/root/Otomasi/Sistem-Otomasi-Robot/Robot/ros2_ws/install/robot_example/share/robot_example/hook/pythonpath.dsv'
[12.488s] INFO:colcon.colcon_core.shell:Creating environment hook '/root/Otomasi/Sistem-Otomasi-Robot/Robot/ros2_ws/install/robot_example/share/robot_example/hook/pythonpath.sh'
[12.490s] Level 1:colcon.colcon_core.environment:checking '/root/Otomasi/Sistem-Otomasi-Robot/Robot/ros2_ws/install/robot_example/bin'
[12.534s] Level 1:colcon.colcon_core.shell:create_environment_hook('robot_example', 'pythonscriptspath')
[12.535s] INFO:colcon.colcon_core.shell:Creating environment hook '/root/Otomasi/Sistem-Otomasi-Robot/Robot/ros2_ws/install/robot_example/share/robot_example/hook/pythonscriptspath.ps1'
[12.536s] INFO:colcon.colcon_core.shell:Creating environment descriptor '/root/Otomasi/Sistem-Otomasi-Robot/Robot/ros2_ws/install/robot_example/share/robot_example/hook/pythonscriptspath.dsv'
[12.537s] INFO:colcon.colcon_core.shell:Creating environment hook '/root/Otomasi/Sistem-Otomasi-Robot/Robot/ros2_ws/install/robot_example/share/robot_example/hook/pythonscriptspath.sh'
[12.538s] Level 1:colcon.colcon_core.environment:create_environment_scripts_only(robot_example)
[12.571s] INFO:colcon.colcon_core.shell:Creating package script '/root/Otomasi/Sistem-Otomasi-Robot/Robot/ros2_ws/install/robot_example/share/robot_example/package.ps1'
[12.573s] INFO:colcon.colcon_core.shell:Creating package descriptor '/root/Otomasi/Sistem-Otomasi-Robot/Robot/ros2_ws/install/robot_example/share/robot_example/package.dsv'
[12.603s] INFO:colcon.colcon_core.shell:Creating package script '/root/Otomasi/Sistem-Otomasi-Robot/Robot/ros2_ws/install/robot_example/share/robot_example/package.sh'
[12.605s] INFO:colcon.colcon_core.shell:Creating package script '/root/Otomasi/Sistem-Otomasi-Robot/Robot/ros2_ws/install/robot_example/share/robot_example/package.bash'
[12.625s] INFO:colcon.colcon_core.shell:Creating package script '/root/Otomasi/Sistem-Otomasi-Robot/Robot/ros2_ws/install/robot_example/share/robot_example/package.zsh'
[12.627s] Level 1:colcon.colcon_core.environment:create_file_with_runtime_dependencies(/root/Otomasi/Sistem-Otomasi-Robot/Robot/ros2_ws/install/robot_example/share/colcon-core/packages/robot_example)
[12.628s] DEBUG:colcon.colcon_parallel_executor.executor.parallel:closing loop
[12.628s] DEBUG:colcon.colcon_parallel_executor.executor.parallel:loop closed
[12.628s] DEBUG:colcon.colcon_parallel_executor.executor.parallel:run_until_complete finished with '0'
[12.628s] DEBUG:colcon.colcon_core.event_reactor:joining thread
[12.699s] INFO:colcon.colcon_core.plugin_system:Skipping extension 'colcon_notification.desktop_notification.notify_send': Could not find 'notify-send'
[12.699s] INFO:colcon.colcon_core.plugin_system:Skipping extension 'colcon_notification.desktop_notification.terminal_notifier': Not used on non-Darwin systems
[12.702s] INFO:colcon.colcon_core.plugin_system:Skipping extension 'colcon_notification.desktop_notification.win32': Not used on non-Windows systems
[12.703s] INFO:colcon.colcon_notification.desktop_notification:Sending desktop notification using 'notify2'
[12.721s] DEBUG:colcon.colcon_notification.desktop_notification.notify2:Failed to initialize notify2: org.freedesktop.DBus.Error.ServiceUnknown: The name org.freedesktop.Notifications was not provided by any .service files
[12.734s] DEBUG:colcon.colcon_core.event_reactor:joined thread
[12.735s] INFO:colcon.colcon_core.shell:Creating prefix script '/root/Otomasi/Sistem-Otomasi-Robot/Robot/ros2_ws/install/local_setup.ps1'
[12.738s] INFO:colcon.colcon_core.shell:Creating prefix util module '/root/Otomasi/Sistem-Otomasi-Robot/Robot/ros2_ws/install/_local_setup_util_ps1.py'
[12.741s] INFO:colcon.colcon_core.shell:Creating prefix chain script '/root/Otomasi/Sistem-Otomasi-Robot/Robot/ros2_ws/install/setup.ps1'
[12.752s] INFO:colcon.colcon_core.shell:Creating prefix script '/root/Otomasi/Sistem-Otomasi-Robot/Robot/ros2_ws/install/local_setup.sh'
[12.753s] INFO:colcon.colcon_core.shell:Creating prefix util module '/root/Otomasi/Sistem-Otomasi-Robot/Robot/ros2_ws/install/_local_setup_util_sh.py'
[12.754s] INFO:colcon.colcon_core.shell:Creating prefix chain script '/root/Otomasi/Sistem-Otomasi-Robot/Robot/ros2_ws/install/setup.sh'
[12.769s] INFO:colcon.colcon_core.shell:Creating prefix script '/root/Otomasi/Sistem-Otomasi-Robot/Robot/ros2_ws/install/local_setup.bash'
[12.787s] INFO:colcon.colcon_core.shell:Creating prefix chain script '/root/Otomasi/Sistem-Otomasi-Robot/Robot/ros2_ws/install/setup.bash'
[12.790s] INFO:colcon.colcon_core.shell:Creating prefix script '/root/Otomasi/Sistem-Otomasi-Robot/Robot/ros2_ws/install/local_setup.zsh'
[12.809s] INFO:colcon.colcon_core.shell:Creating prefix chain script '/root/Otomasi/Sistem-Otomasi-Robot/Robot/ros2_ws/install/setup.zsh'
