[0.569s] DEBUG:colcon:Command line arguments: ['/usr/bin/colcon', 'build', '--symlink-install']
[0.569s] DEBUG:colcon:Parsed command line arguments: Namespace(log_base=None, log_level=None, verb_name='build', build_base='build', install_base='install', merge_install=False, symlink_install=True, test_result_base=None, continue_on_error=False, executor='parallel', parallel_workers=4, event_handlers=None, ignore_user_meta=False, metas=['./colcon.meta'], base_paths=['.'], packages_ignore=None, packages_ignore_regex=None, paths=None, packages_up_to=None, packages_up_to_regex=None, packages_above=None, packages_above_and_dependencies=None, packages_above_depth=None, packages_select_by_dep=None, packages_skip_by_dep=None, packages_skip_up_to=None, packages_select_build_failed=False, packages_skip_build_finished=False, packages_select_test_failures=False, packages_skip_test_passed=False, packages_select=None, packages_skip=None, packages_select_regex=None, packages_skip_regex=None, packages_start=None, packages_end=None, allow_overriding=[], cmake_args=None, cmake_target=None, cmake_target_skip_unavailable=False, cmake_clean_cache=False, cmake_clean_first=False, cmake_force_configure=False, ament_cmake_args=None, catkin_cmake_args=None, catkin_skip_building_tests=False, verb_parser=<colcon_defaults.argument_parser.defaults.DefaultArgumentsDecorator object at 0x7fe3d06efd30>, verb_extension=<colcon_core.verb.build.BuildVerb object at 0x7fe3d06ef490>, main=<bound method BuildVerb.main of <colcon_core.verb.build.BuildVerb object at 0x7fe3d06ef490>>)
[1.291s] Level 1:colcon.colcon_core.package_discovery:discover_packages(colcon_meta) check parameters
[1.291s] Level 1:colcon.colcon_core.package_discovery:discover_packages(recursive) check parameters
[1.291s] Level 1:colcon.colcon_core.package_discovery:discover_packages(ignore) check parameters
[1.291s] Level 1:colcon.colcon_core.package_discovery:discover_packages(path) check parameters
[1.291s] Level 1:colcon.colcon_core.package_discovery:discover_packages(colcon_meta) discover
[1.291s] Level 1:colcon.colcon_core.package_discovery:discover_packages(recursive) discover
[1.291s] INFO:colcon.colcon_core.package_discovery:Crawling recursively for packages in '/root/Sistem-Otomasi-Robot/Robot-MiniPC'
[1.292s] Level 1:colcon.colcon_core.package_identification:_identify(.) by extensions ['ignore', 'ignore_ament_install']
[1.292s] Level 1:colcon.colcon_core.package_identification:_identify(.) by extension 'ignore'
[1.292s] Level 1:colcon.colcon_core.package_identification:_identify(.) by extension 'ignore_ament_install'
[1.292s] Level 1:colcon.colcon_core.package_identification:_identify(.) by extensions ['colcon_pkg']
[1.292s] Level 1:colcon.colcon_core.package_identification:_identify(.) by extension 'colcon_pkg'
[1.292s] Level 1:colcon.colcon_core.package_identification:_identify(.) by extensions ['colcon_meta']
[1.293s] Level 1:colcon.colcon_core.package_identification:_identify(.) by extension 'colcon_meta'
[1.293s] Level 1:colcon.colcon_core.package_identification:_identify(.) by extensions ['ros']
[1.293s] Level 1:colcon.colcon_core.package_identification:_identify(.) by extension 'ros'
[1.329s] Level 1:colcon.colcon_core.package_identification:_identify(.) by extensions ['cmake', 'python']
[1.329s] Level 1:colcon.colcon_core.package_identification:_identify(.) by extension 'cmake'
[1.329s] Level 1:colcon.colcon_core.package_identification:_identify(.) by extension 'python'
[1.330s] Level 1:colcon.colcon_core.package_identification:_identify(.) by extensions ['python_setup_py']
[1.330s] Level 1:colcon.colcon_core.package_identification:_identify(.) by extension 'python_setup_py'
[1.330s] Level 1:colcon.colcon_core.package_identification:_identify(build) by extensions ['ignore', 'ignore_ament_install']
[1.330s] Level 1:colcon.colcon_core.package_identification:_identify(build) by extension 'ignore'
[1.330s] Level 1:colcon.colcon_core.package_identification:_identify(build) ignored
[1.331s] Level 1:colcon.colcon_core.package_identification:_identify(install) by extensions ['ignore', 'ignore_ament_install']
[1.331s] Level 1:colcon.colcon_core.package_identification:_identify(install) by extension 'ignore'
[1.331s] Level 1:colcon.colcon_core.package_identification:_identify(install) ignored
[1.331s] Level 1:colcon.colcon_core.package_identification:_identify(log) by extensions ['ignore', 'ignore_ament_install']
[1.331s] Level 1:colcon.colcon_core.package_identification:_identify(log) by extension 'ignore'
[1.331s] Level 1:colcon.colcon_core.package_identification:_identify(log) ignored
[1.332s] Level 1:colcon.colcon_core.package_identification:_identify(src) by extensions ['ignore', 'ignore_ament_install']
[1.332s] Level 1:colcon.colcon_core.package_identification:_identify(src) by extension 'ignore'
[1.332s] Level 1:colcon.colcon_core.package_identification:_identify(src) by extension 'ignore_ament_install'
[1.332s] Level 1:colcon.colcon_core.package_identification:_identify(src) by extensions ['colcon_pkg']
[1.332s] Level 1:colcon.colcon_core.package_identification:_identify(src) by extension 'colcon_pkg'
[1.332s] Level 1:colcon.colcon_core.package_identification:_identify(src) by extensions ['colcon_meta']
[1.332s] Level 1:colcon.colcon_core.package_identification:_identify(src) by extension 'colcon_meta'
[1.332s] Level 1:colcon.colcon_core.package_identification:_identify(src) by extensions ['ros']
[1.332s] Level 1:colcon.colcon_core.package_identification:_identify(src) by extension 'ros'
[1.333s] Level 1:colcon.colcon_core.package_identification:_identify(src) by extensions ['cmake', 'python']
[1.333s] Level 1:colcon.colcon_core.package_identification:_identify(src) by extension 'cmake'
[1.333s] Level 1:colcon.colcon_core.package_identification:_identify(src) by extension 'python'
[1.333s] Level 1:colcon.colcon_core.package_identification:_identify(src) by extensions ['python_setup_py']
[1.333s] Level 1:colcon.colcon_core.package_identification:_identify(src) by extension 'python_setup_py'
[1.333s] Level 1:colcon.colcon_core.package_identification:_identify(src/robot_autonomous) by extensions ['ignore', 'ignore_ament_install']
[1.333s] Level 1:colcon.colcon_core.package_identification:_identify(src/robot_autonomous) by extension 'ignore'
[1.333s] Level 1:colcon.colcon_core.package_identification:_identify(src/robot_autonomous) by extension 'ignore_ament_install'
[1.333s] Level 1:colcon.colcon_core.package_identification:_identify(src/robot_autonomous) by extensions ['colcon_pkg']
[1.333s] Level 1:colcon.colcon_core.package_identification:_identify(src/robot_autonomous) by extension 'colcon_pkg'
[1.333s] Level 1:colcon.colcon_core.package_identification:_identify(src/robot_autonomous) by extensions ['colcon_meta']
[1.334s] Level 1:colcon.colcon_core.package_identification:_identify(src/robot_autonomous) by extension 'colcon_meta'
[1.334s] Level 1:colcon.colcon_core.package_identification:_identify(src/robot_autonomous) by extensions ['ros']
[1.334s] Level 1:colcon.colcon_core.package_identification:_identify(src/robot_autonomous) by extension 'ros'
[1.345s] DEBUG:colcon.colcon_core.package_identification:Package 'src/robot_autonomous' with type 'ros.ament_cmake' and name 'robot_autonomous'
[1.345s] Level 1:colcon.colcon_core.package_discovery:discover_packages(recursive) using defaults
[1.345s] Level 1:colcon.colcon_core.package_discovery:discover_packages(ignore) discover
[1.345s] Level 1:colcon.colcon_core.package_discovery:discover_packages(ignore) using defaults
[1.346s] Level 1:colcon.colcon_core.package_discovery:discover_packages(path) discover
[1.346s] Level 1:colcon.colcon_core.package_discovery:discover_packages(path) using defaults
[1.441s] Level 1:colcon.colcon_core.package_discovery:discover_packages(prefix_path) check parameters
[1.442s] Level 1:colcon.colcon_core.package_discovery:discover_packages(prefix_path) discover
[1.448s] DEBUG:colcon.colcon_installed_package_information.package_discovery:Found 419 installed packages in /opt/ros/humble
[1.452s] Level 1:colcon.colcon_core.package_discovery:discover_packages(prefix_path) using defaults
[1.574s] Level 5:colcon.colcon_core.verb:set package 'robot_autonomous' build argument 'cmake_args' from command line to 'None'
[1.574s] Level 5:colcon.colcon_core.verb:set package 'robot_autonomous' build argument 'cmake_target' from command line to 'None'
[1.574s] Level 5:colcon.colcon_core.verb:set package 'robot_autonomous' build argument 'cmake_target_skip_unavailable' from command line to 'False'
[1.574s] Level 5:colcon.colcon_core.verb:set package 'robot_autonomous' build argument 'cmake_clean_cache' from command line to 'False'
[1.575s] Level 5:colcon.colcon_core.verb:set package 'robot_autonomous' build argument 'cmake_clean_first' from command line to 'False'
[1.575s] Level 5:colcon.colcon_core.verb:set package 'robot_autonomous' build argument 'cmake_force_configure' from command line to 'False'
[1.575s] Level 5:colcon.colcon_core.verb:set package 'robot_autonomous' build argument 'ament_cmake_args' from command line to 'None'
[1.575s] Level 5:colcon.colcon_core.verb:set package 'robot_autonomous' build argument 'catkin_cmake_args' from command line to 'None'
[1.575s] Level 5:colcon.colcon_core.verb:set package 'robot_autonomous' build argument 'catkin_skip_building_tests' from command line to 'False'
[1.575s] DEBUG:colcon.colcon_core.verb:Building package 'robot_autonomous' with the following arguments: {'ament_cmake_args': None, 'build_base': '/root/Sistem-Otomasi-Robot/Robot-MiniPC/build/robot_autonomous', 'catkin_cmake_args': None, 'catkin_skip_building_tests': False, 'cmake_args': None, 'cmake_clean_cache': False, 'cmake_clean_first': False, 'cmake_force_configure': False, 'cmake_target': None, 'cmake_target_skip_unavailable': False, 'install_base': '/root/Sistem-Otomasi-Robot/Robot-MiniPC/install/robot_autonomous', 'merge_install': False, 'path': '/root/Sistem-Otomasi-Robot/Robot-MiniPC/src/robot_autonomous', 'symlink_install': True, 'test_result_base': None}
[1.575s] INFO:colcon.colcon_core.executor:Executing jobs using 'parallel' executor
[1.577s] DEBUG:colcon.colcon_parallel_executor.executor.parallel:run_until_complete
[1.578s] INFO:colcon.colcon_ros.task.ament_cmake.build:Building ROS package in '/root/Sistem-Otomasi-Robot/Robot-MiniPC/src/robot_autonomous' with build type 'ament_cmake'
[1.578s] INFO:colcon.colcon_cmake.task.cmake.build:Building CMake package in '/root/Sistem-Otomasi-Robot/Robot-MiniPC/src/robot_autonomous'
[1.582s] INFO:colcon.colcon_core.plugin_system:Skipping extension 'colcon_core.shell.bat': Not used on non-Windows systems
[1.583s] INFO:colcon.colcon_core.shell:Skip shell extension 'powershell' for command environment: Not usable outside of PowerShell
[1.583s] DEBUG:colcon.colcon_core.shell:Skip shell extension 'dsv' for command environment
[1.597s] DEBUG:colcon.colcon_core.event_handler.log_command:Invoking command in '/root/Sistem-Otomasi-Robot/Robot-MiniPC/build/robot_autonomous': CMAKE_PREFIX_PATH=/opt/ros/humble /usr/bin/cmake /root/Sistem-Otomasi-Robot/Robot-MiniPC/src/robot_autonomous -DAMENT_CMAKE_SYMLINK_INSTALL=1 -DCMAKE_INSTALL_PREFIX=/root/Sistem-Otomasi-Robot/Robot-MiniPC/install/robot_autonomous
[4.532s] DEBUG:colcon.colcon_core.event_handler.log_command:Invoked command in '/root/Sistem-Otomasi-Robot/Robot-MiniPC/build/robot_autonomous' returned '0': CMAKE_PREFIX_PATH=/opt/ros/humble /usr/bin/cmake /root/Sistem-Otomasi-Robot/Robot-MiniPC/src/robot_autonomous -DAMENT_CMAKE_SYMLINK_INSTALL=1 -DCMAKE_INSTALL_PREFIX=/root/Sistem-Otomasi-Robot/Robot-MiniPC/install/robot_autonomous
[4.533s] DEBUG:colcon.colcon_core.event_handler.log_command:Invoking command in '/root/Sistem-Otomasi-Robot/Robot-MiniPC/build/robot_autonomous': CMAKE_PREFIX_PATH=/opt/ros/humble /usr/bin/cmake --build /root/Sistem-Otomasi-Robot/Robot-MiniPC/build/robot_autonomous -- -j4 -l4
[5.400s] DEBUG:colcon.colcon_core.event_handler.log_command:Invoked command in '/root/Sistem-Otomasi-Robot/Robot-MiniPC/build/robot_autonomous' returned '0': CMAKE_PREFIX_PATH=/opt/ros/humble /usr/bin/cmake --build /root/Sistem-Otomasi-Robot/Robot-MiniPC/build/robot_autonomous -- -j4 -l4
[5.423s] DEBUG:colcon.colcon_core.event_handler.log_command:Invoking command in '/root/Sistem-Otomasi-Robot/Robot-MiniPC/build/robot_autonomous': CMAKE_PREFIX_PATH=/opt/ros/humble /usr/bin/cmake --install /root/Sistem-Otomasi-Robot/Robot-MiniPC/build/robot_autonomous
[6.171s] Level 1:colcon.colcon_core.environment:create_environment_scripts_only(robot_autonomous)
[6.172s] DEBUG:colcon.colcon_core.event_handler.log_command:Invoked command in '/root/Sistem-Otomasi-Robot/Robot-MiniPC/build/robot_autonomous' returned '0': CMAKE_PREFIX_PATH=/opt/ros/humble /usr/bin/cmake --install /root/Sistem-Otomasi-Robot/Robot-MiniPC/build/robot_autonomous
[6.177s] Level 1:colcon.colcon_core.environment:checking '/root/Sistem-Otomasi-Robot/Robot-MiniPC/install/robot_autonomous' for CMake module files
[6.178s] Level 1:colcon.colcon_core.environment:checking '/root/Sistem-Otomasi-Robot/Robot-MiniPC/install/robot_autonomous' for CMake config files
[6.179s] Level 1:colcon.colcon_core.shell:create_environment_hook('robot_autonomous', 'cmake_prefix_path')
[6.180s] INFO:colcon.colcon_core.shell:Creating environment hook '/root/Sistem-Otomasi-Robot/Robot-MiniPC/install/robot_autonomous/share/robot_autonomous/hook/cmake_prefix_path.ps1'
[6.182s] INFO:colcon.colcon_core.shell:Creating environment descriptor '/root/Sistem-Otomasi-Robot/Robot-MiniPC/install/robot_autonomous/share/robot_autonomous/hook/cmake_prefix_path.dsv'
[6.183s] INFO:colcon.colcon_core.shell:Creating environment hook '/root/Sistem-Otomasi-Robot/Robot-MiniPC/install/robot_autonomous/share/robot_autonomous/hook/cmake_prefix_path.sh'
[6.185s] Level 1:colcon.colcon_core.environment:checking '/root/Sistem-Otomasi-Robot/Robot-MiniPC/install/robot_autonomous/lib'
[6.185s] Level 1:colcon.colcon_core.environment:checking '/root/Sistem-Otomasi-Robot/Robot-MiniPC/install/robot_autonomous/bin'
[6.185s] Level 1:colcon.colcon_core.environment:checking '/root/Sistem-Otomasi-Robot/Robot-MiniPC/install/robot_autonomous/lib/pkgconfig/robot_autonomous.pc'
[6.186s] Level 1:colcon.colcon_core.environment:checking '/root/Sistem-Otomasi-Robot/Robot-MiniPC/install/robot_autonomous/lib/python3.10/site-packages'
[6.187s] Level 1:colcon.colcon_core.environment:checking '/root/Sistem-Otomasi-Robot/Robot-MiniPC/install/robot_autonomous/bin'
[6.188s] INFO:colcon.colcon_core.shell:Creating package script '/root/Sistem-Otomasi-Robot/Robot-MiniPC/install/robot_autonomous/share/robot_autonomous/package.ps1'
[6.190s] INFO:colcon.colcon_core.shell:Creating package descriptor '/root/Sistem-Otomasi-Robot/Robot-MiniPC/install/robot_autonomous/share/robot_autonomous/package.dsv'
[6.191s] INFO:colcon.colcon_core.shell:Creating package script '/root/Sistem-Otomasi-Robot/Robot-MiniPC/install/robot_autonomous/share/robot_autonomous/package.sh'
[6.192s] INFO:colcon.colcon_core.shell:Creating package script '/root/Sistem-Otomasi-Robot/Robot-MiniPC/install/robot_autonomous/share/robot_autonomous/package.bash'
[6.194s] INFO:colcon.colcon_core.shell:Creating package script '/root/Sistem-Otomasi-Robot/Robot-MiniPC/install/robot_autonomous/share/robot_autonomous/package.zsh'
[6.196s] Level 1:colcon.colcon_core.environment:create_file_with_runtime_dependencies(/root/Sistem-Otomasi-Robot/Robot-MiniPC/install/robot_autonomous/share/colcon-core/packages/robot_autonomous)
[6.197s] Level 1:colcon.colcon_core.environment:create_environment_scripts_only(robot_autonomous)
[6.198s] Level 1:colcon.colcon_core.environment:checking '/root/Sistem-Otomasi-Robot/Robot-MiniPC/install/robot_autonomous' for CMake module files
[6.199s] Level 1:colcon.colcon_core.environment:checking '/root/Sistem-Otomasi-Robot/Robot-MiniPC/install/robot_autonomous' for CMake config files
[6.200s] Level 1:colcon.colcon_core.shell:create_environment_hook('robot_autonomous', 'cmake_prefix_path')
[6.200s] INFO:colcon.colcon_core.shell:Creating environment hook '/root/Sistem-Otomasi-Robot/Robot-MiniPC/install/robot_autonomous/share/robot_autonomous/hook/cmake_prefix_path.ps1'
[6.201s] INFO:colcon.colcon_core.shell:Creating environment descriptor '/root/Sistem-Otomasi-Robot/Robot-MiniPC/install/robot_autonomous/share/robot_autonomous/hook/cmake_prefix_path.dsv'
[6.202s] INFO:colcon.colcon_core.shell:Creating environment hook '/root/Sistem-Otomasi-Robot/Robot-MiniPC/install/robot_autonomous/share/robot_autonomous/hook/cmake_prefix_path.sh'
[6.203s] Level 1:colcon.colcon_core.environment:checking '/root/Sistem-Otomasi-Robot/Robot-MiniPC/install/robot_autonomous/lib'
[6.203s] Level 1:colcon.colcon_core.environment:checking '/root/Sistem-Otomasi-Robot/Robot-MiniPC/install/robot_autonomous/bin'
[6.203s] Level 1:colcon.colcon_core.environment:checking '/root/Sistem-Otomasi-Robot/Robot-MiniPC/install/robot_autonomous/lib/pkgconfig/robot_autonomous.pc'
[6.204s] Level 1:colcon.colcon_core.environment:checking '/root/Sistem-Otomasi-Robot/Robot-MiniPC/install/robot_autonomous/lib/python3.10/site-packages'
[6.204s] Level 1:colcon.colcon_core.environment:checking '/root/Sistem-Otomasi-Robot/Robot-MiniPC/install/robot_autonomous/bin'
[6.205s] INFO:colcon.colcon_core.shell:Creating package script '/root/Sistem-Otomasi-Robot/Robot-MiniPC/install/robot_autonomous/share/robot_autonomous/package.ps1'
[6.206s] INFO:colcon.colcon_core.shell:Creating package descriptor '/root/Sistem-Otomasi-Robot/Robot-MiniPC/install/robot_autonomous/share/robot_autonomous/package.dsv'
[6.207s] INFO:colcon.colcon_core.shell:Creating package script '/root/Sistem-Otomasi-Robot/Robot-MiniPC/install/robot_autonomous/share/robot_autonomous/package.sh'
[6.208s] INFO:colcon.colcon_core.shell:Creating package script '/root/Sistem-Otomasi-Robot/Robot-MiniPC/install/robot_autonomous/share/robot_autonomous/package.bash'
[6.209s] INFO:colcon.colcon_core.shell:Creating package script '/root/Sistem-Otomasi-Robot/Robot-MiniPC/install/robot_autonomous/share/robot_autonomous/package.zsh'
[6.210s] Level 1:colcon.colcon_core.environment:create_file_with_runtime_dependencies(/root/Sistem-Otomasi-Robot/Robot-MiniPC/install/robot_autonomous/share/colcon-core/packages/robot_autonomous)
[6.212s] DEBUG:colcon.colcon_parallel_executor.executor.parallel:closing loop
[6.212s] DEBUG:colcon.colcon_parallel_executor.executor.parallel:loop closed
[6.213s] DEBUG:colcon.colcon_parallel_executor.executor.parallel:run_until_complete finished with '0'
[6.213s] DEBUG:colcon.colcon_core.event_reactor:joining thread
[6.235s] INFO:colcon.colcon_core.plugin_system:Skipping extension 'colcon_notification.desktop_notification.notify_send': Could not find 'notify-send'
[6.235s] INFO:colcon.colcon_core.plugin_system:Skipping extension 'colcon_notification.desktop_notification.terminal_notifier': Not used on non-Darwin systems
[6.235s] INFO:colcon.colcon_core.plugin_system:Skipping extension 'colcon_notification.desktop_notification.win32': Not used on non-Windows systems
[6.236s] INFO:colcon.colcon_notification.desktop_notification:Sending desktop notification using 'notify2'
[6.297s] DEBUG:colcon.colcon_notification.desktop_notification.notify2:Failed to initialize notify2: org.freedesktop.DBus.Error.ServiceUnknown: The name org.freedesktop.Notifications was not provided by any .service files
[6.298s] DEBUG:colcon.colcon_core.event_reactor:joined thread
[6.299s] INFO:colcon.colcon_core.shell:Creating prefix script '/root/Sistem-Otomasi-Robot/Robot-MiniPC/install/local_setup.ps1'
[6.301s] INFO:colcon.colcon_core.shell:Creating prefix util module '/root/Sistem-Otomasi-Robot/Robot-MiniPC/install/_local_setup_util_ps1.py'
[6.321s] INFO:colcon.colcon_core.shell:Creating prefix chain script '/root/Sistem-Otomasi-Robot/Robot-MiniPC/install/setup.ps1'
[6.325s] INFO:colcon.colcon_core.shell:Creating prefix script '/root/Sistem-Otomasi-Robot/Robot-MiniPC/install/local_setup.sh'
[6.331s] INFO:colcon.colcon_core.shell:Creating prefix util module '/root/Sistem-Otomasi-Robot/Robot-MiniPC/install/_local_setup_util_sh.py'
[6.336s] INFO:colcon.colcon_core.shell:Creating prefix chain script '/root/Sistem-Otomasi-Robot/Robot-MiniPC/install/setup.sh'
[6.339s] INFO:colcon.colcon_core.shell:Creating prefix script '/root/Sistem-Otomasi-Robot/Robot-MiniPC/install/local_setup.bash'
[6.341s] INFO:colcon.colcon_core.shell:Creating prefix chain script '/root/Sistem-Otomasi-Robot/Robot-MiniPC/install/setup.bash'
[6.343s] INFO:colcon.colcon_core.shell:Creating prefix script '/root/Sistem-Otomasi-Robot/Robot-MiniPC/install/local_setup.zsh'
[6.344s] INFO:colcon.colcon_core.shell:Creating prefix chain script '/root/Sistem-Otomasi-Robot/Robot-MiniPC/install/setup.zsh'
