/root/Otomasi/Sistem-Otomasi-Robot/Robot/ros2_ws/install/robot_example/lib/python3.10/site-packages/robot_example/listener.py
/root/Otomasi/Sistem-Otomasi-Robot/Robot/ros2_ws/install/robot_example/lib/python3.10/site-packages/robot_example/__init__.py
/root/Otomasi/Sistem-Otomasi-Robot/Robot/ros2_ws/install/robot_example/lib/python3.10/site-packages/robot_example/talker.py
/root/Otomasi/Sistem-Otomasi-Robot/Robot/ros2_ws/install/robot_example/lib/python3.10/site-packages/robot_example/ros2_config_manager.py
/root/Otomasi/Sistem-Otomasi-Robot/Robot/ros2_ws/install/robot_example/lib/python3.10/site-packages/robot_example/cli.py
/root/Otomasi/Sistem-Otomasi-Robot/Robot/ros2_ws/install/robot_example/lib/python3.10/site-packages/robot_example/ros2_controller.py
/root/Otomasi/Sistem-Otomasi-Robot/Robot/ros2_ws/install/robot_example/lib/python3.10/site-packages/robot_example/ros2_hardware_monitor.py
/root/Otomasi/Sistem-Otomasi-Robot/Robot/ros2_ws/install/robot_example/lib/python3.10/site-packages/robot_example/ros2_kinematics.py
/root/Otomasi/Sistem-Otomasi-Robot/Robot/ros2_ws/install/robot_example/lib/python3.10/site-packages/robot_example/hardware/__init__.py
/root/Otomasi/Sistem-Otomasi-Robot/Robot/ros2_ws/install/robot_example/lib/python3.10/site-packages/robot_example/hardware/sensors.py
/root/Otomasi/Sistem-Otomasi-Robot/Robot/ros2_ws/install/robot_example/lib/python3.10/site-packages/robot_example/hardware/motors.py
/root/Otomasi/Sistem-Otomasi-Robot/Robot/ros2_ws/install/robot_example/lib/python3.10/site-packages/robot_example/hardware/gpio.py
/root/Otomasi/Sistem-Otomasi-Robot/Robot/ros2_ws/install/robot_example/lib/python3.10/site-packages/robot_example/utils/logger.py
/root/Otomasi/Sistem-Otomasi-Robot/Robot/ros2_ws/install/robot_example/lib/python3.10/site-packages/robot_example/utils/__init__.py
/root/Otomasi/Sistem-Otomasi-Robot/Robot/ros2_ws/install/robot_example/lib/python3.10/site-packages/robot_example/utils/config.py
/root/Otomasi/Sistem-Otomasi-Robot/Robot/ros2_ws/install/robot_example/lib/python3.10/site-packages/robot_example/core/robot.py
/root/Otomasi/Sistem-Otomasi-Robot/Robot/ros2_ws/install/robot_example/lib/python3.10/site-packages/robot_example/core/__init__.py
/root/Otomasi/Sistem-Otomasi-Robot/Robot/ros2_ws/install/robot_example/lib/python3.10/site-packages/robot_example/core/state.py
/root/Otomasi/Sistem-Otomasi-Robot/Robot/ros2_ws/install/robot_example/lib/python3.10/site-packages/robot_example/communication/websocket_client.py
/root/Otomasi/Sistem-Otomasi-Robot/Robot/ros2_ws/install/robot_example/lib/python3.10/site-packages/robot_example/communication/ros_bridge.py
/root/Otomasi/Sistem-Otomasi-Robot/Robot/ros2_ws/install/robot_example/lib/python3.10/site-packages/robot_example/communication/__init__.py
/root/Otomasi/Sistem-Otomasi-Robot/Robot/ros2_ws/install/robot_example/lib/python3.10/site-packages/robot_example/communication/protocol.py
/root/Otomasi/Sistem-Otomasi-Robot/Robot/ros2_ws/install/robot_example/lib/python3.10/site-packages/robot_example/control/motion.py
/root/Otomasi/Sistem-Otomasi-Robot/Robot/ros2_ws/install/robot_example/lib/python3.10/site-packages/robot_example/control/__init__.py
/root/Otomasi/Sistem-Otomasi-Robot/Robot/ros2_ws/install/robot_example/lib/python3.10/site-packages/robot_example/control/pid.py
/root/Otomasi/Sistem-Otomasi-Robot/Robot/ros2_ws/install/robot_example/lib/python3.10/site-packages/robot_example/control/filters.py
/root/Otomasi/Sistem-Otomasi-Robot/Robot/ros2_ws/install/robot_example/lib/python3.10/site-packages/robot_example/control/controller.py
/root/Otomasi/Sistem-Otomasi-Robot/Robot/ros2_ws/install/robot_example/lib/python3.10/site-packages/robot_example/kinematics/mecanum.py
/root/Otomasi/Sistem-Otomasi-Robot/Robot/ros2_ws/install/robot_example/lib/python3.10/site-packages/robot_example/kinematics/base.py
/root/Otomasi/Sistem-Otomasi-Robot/Robot/ros2_ws/install/robot_example/lib/python3.10/site-packages/robot_example/kinematics/differential.py
/root/Otomasi/Sistem-Otomasi-Robot/Robot/ros2_ws/install/robot_example/lib/python3.10/site-packages/robot_example/kinematics/__init__.py
/root/Otomasi/Sistem-Otomasi-Robot/Robot/ros2_ws/install/robot_example/lib/python3.10/site-packages/robot_example/kinematics/omni.py
/root/Otomasi/Sistem-Otomasi-Robot/Robot/ros2_ws/install/robot_example/lib/python3.10/site-packages/robot_example/kinematics/odometry.py
/root/Otomasi/Sistem-Otomasi-Robot/Robot/ros2_ws/install/robot_example/lib/python3.10/site-packages/robot_example/kinematics/ackermann.py
/root/Otomasi/Sistem-Otomasi-Robot/Robot/ros2_ws/install/robot_example/lib/python3.10/site-packages/robot_example/__pycache__/listener.cpython-310.pyc
/root/Otomasi/Sistem-Otomasi-Robot/Robot/ros2_ws/install/robot_example/lib/python3.10/site-packages/robot_example/__pycache__/__init__.cpython-310.pyc
/root/Otomasi/Sistem-Otomasi-Robot/Robot/ros2_ws/install/robot_example/lib/python3.10/site-packages/robot_example/__pycache__/talker.cpython-310.pyc
/root/Otomasi/Sistem-Otomasi-Robot/Robot/ros2_ws/install/robot_example/lib/python3.10/site-packages/robot_example/__pycache__/ros2_config_manager.cpython-310.pyc
/root/Otomasi/Sistem-Otomasi-Robot/Robot/ros2_ws/install/robot_example/lib/python3.10/site-packages/robot_example/__pycache__/cli.cpython-310.pyc
/root/Otomasi/Sistem-Otomasi-Robot/Robot/ros2_ws/install/robot_example/lib/python3.10/site-packages/robot_example/__pycache__/ros2_controller.cpython-310.pyc
/root/Otomasi/Sistem-Otomasi-Robot/Robot/ros2_ws/install/robot_example/lib/python3.10/site-packages/robot_example/__pycache__/ros2_hardware_monitor.cpython-310.pyc
/root/Otomasi/Sistem-Otomasi-Robot/Robot/ros2_ws/install/robot_example/lib/python3.10/site-packages/robot_example/__pycache__/ros2_kinematics.cpython-310.pyc
/root/Otomasi/Sistem-Otomasi-Robot/Robot/ros2_ws/install/robot_example/lib/python3.10/site-packages/robot_example/hardware/__pycache__/__init__.cpython-310.pyc
/root/Otomasi/Sistem-Otomasi-Robot/Robot/ros2_ws/install/robot_example/lib/python3.10/site-packages/robot_example/hardware/__pycache__/sensors.cpython-310.pyc
/root/Otomasi/Sistem-Otomasi-Robot/Robot/ros2_ws/install/robot_example/lib/python3.10/site-packages/robot_example/hardware/__pycache__/motors.cpython-310.pyc
/root/Otomasi/Sistem-Otomasi-Robot/Robot/ros2_ws/install/robot_example/lib/python3.10/site-packages/robot_example/hardware/__pycache__/gpio.cpython-310.pyc
/root/Otomasi/Sistem-Otomasi-Robot/Robot/ros2_ws/install/robot_example/lib/python3.10/site-packages/robot_example/utils/__pycache__/logger.cpython-310.pyc
/root/Otomasi/Sistem-Otomasi-Robot/Robot/ros2_ws/install/robot_example/lib/python3.10/site-packages/robot_example/utils/__pycache__/__init__.cpython-310.pyc
/root/Otomasi/Sistem-Otomasi-Robot/Robot/ros2_ws/install/robot_example/lib/python3.10/site-packages/robot_example/utils/__pycache__/config.cpython-310.pyc
/root/Otomasi/Sistem-Otomasi-Robot/Robot/ros2_ws/install/robot_example/lib/python3.10/site-packages/robot_example/core/__pycache__/robot.cpython-310.pyc
/root/Otomasi/Sistem-Otomasi-Robot/Robot/ros2_ws/install/robot_example/lib/python3.10/site-packages/robot_example/core/__pycache__/__init__.cpython-310.pyc
/root/Otomasi/Sistem-Otomasi-Robot/Robot/ros2_ws/install/robot_example/lib/python3.10/site-packages/robot_example/core/__pycache__/state.cpython-310.pyc
/root/Otomasi/Sistem-Otomasi-Robot/Robot/ros2_ws/install/robot_example/lib/python3.10/site-packages/robot_example/communication/__pycache__/websocket_client.cpython-310.pyc
/root/Otomasi/Sistem-Otomasi-Robot/Robot/ros2_ws/install/robot_example/lib/python3.10/site-packages/robot_example/communication/__pycache__/ros_bridge.cpython-310.pyc
/root/Otomasi/Sistem-Otomasi-Robot/Robot/ros2_ws/install/robot_example/lib/python3.10/site-packages/robot_example/communication/__pycache__/__init__.cpython-310.pyc
/root/Otomasi/Sistem-Otomasi-Robot/Robot/ros2_ws/install/robot_example/lib/python3.10/site-packages/robot_example/communication/__pycache__/protocol.cpython-310.pyc
/root/Otomasi/Sistem-Otomasi-Robot/Robot/ros2_ws/install/robot_example/lib/python3.10/site-packages/robot_example/control/__pycache__/motion.cpython-310.pyc
/root/Otomasi/Sistem-Otomasi-Robot/Robot/ros2_ws/install/robot_example/lib/python3.10/site-packages/robot_example/control/__pycache__/__init__.cpython-310.pyc
/root/Otomasi/Sistem-Otomasi-Robot/Robot/ros2_ws/install/robot_example/lib/python3.10/site-packages/robot_example/control/__pycache__/pid.cpython-310.pyc
/root/Otomasi/Sistem-Otomasi-Robot/Robot/ros2_ws/install/robot_example/lib/python3.10/site-packages/robot_example/control/__pycache__/filters.cpython-310.pyc
/root/Otomasi/Sistem-Otomasi-Robot/Robot/ros2_ws/install/robot_example/lib/python3.10/site-packages/robot_example/control/__pycache__/controller.cpython-310.pyc
/root/Otomasi/Sistem-Otomasi-Robot/Robot/ros2_ws/install/robot_example/lib/python3.10/site-packages/robot_example/kinematics/__pycache__/mecanum.cpython-310.pyc
/root/Otomasi/Sistem-Otomasi-Robot/Robot/ros2_ws/install/robot_example/lib/python3.10/site-packages/robot_example/kinematics/__pycache__/base.cpython-310.pyc
/root/Otomasi/Sistem-Otomasi-Robot/Robot/ros2_ws/install/robot_example/lib/python3.10/site-packages/robot_example/kinematics/__pycache__/differential.cpython-310.pyc
/root/Otomasi/Sistem-Otomasi-Robot/Robot/ros2_ws/install/robot_example/lib/python3.10/site-packages/robot_example/kinematics/__pycache__/__init__.cpython-310.pyc
/root/Otomasi/Sistem-Otomasi-Robot/Robot/ros2_ws/install/robot_example/lib/python3.10/site-packages/robot_example/kinematics/__pycache__/omni.cpython-310.pyc
/root/Otomasi/Sistem-Otomasi-Robot/Robot/ros2_ws/install/robot_example/lib/python3.10/site-packages/robot_example/kinematics/__pycache__/odometry.cpython-310.pyc
/root/Otomasi/Sistem-Otomasi-Robot/Robot/ros2_ws/install/robot_example/lib/python3.10/site-packages/robot_example/kinematics/__pycache__/ackermann.cpython-310.pyc
/root/Otomasi/Sistem-Otomasi-Robot/Robot/ros2_ws/install/robot_example/share/ament_index/resource_index/packages/robot_example
/root/Otomasi/Sistem-Otomasi-Robot/Robot/ros2_ws/install/robot_example/share/robot_example/package.xml
/root/Otomasi/Sistem-Otomasi-Robot/Robot/ros2_ws/install/robot_example/lib/python3.10/site-packages/robot_example-0.0.1-py3.10.egg-info/zip-safe
/root/Otomasi/Sistem-Otomasi-Robot/Robot/ros2_ws/install/robot_example/lib/python3.10/site-packages/robot_example-0.0.1-py3.10.egg-info/entry_points.txt
/root/Otomasi/Sistem-Otomasi-Robot/Robot/ros2_ws/install/robot_example/lib/python3.10/site-packages/robot_example-0.0.1-py3.10.egg-info/requires.txt
/root/Otomasi/Sistem-Otomasi-Robot/Robot/ros2_ws/install/robot_example/lib/python3.10/site-packages/robot_example-0.0.1-py3.10.egg-info/dependency_links.txt
/root/Otomasi/Sistem-Otomasi-Robot/Robot/ros2_ws/install/robot_example/lib/python3.10/site-packages/robot_example-0.0.1-py3.10.egg-info/PKG-INFO
/root/Otomasi/Sistem-Otomasi-Robot/Robot/ros2_ws/install/robot_example/lib/python3.10/site-packages/robot_example-0.0.1-py3.10.egg-info/SOURCES.txt
/root/Otomasi/Sistem-Otomasi-Robot/Robot/ros2_ws/install/robot_example/lib/python3.10/site-packages/robot_example-0.0.1-py3.10.egg-info/top_level.txt
/root/Otomasi/Sistem-Otomasi-Robot/Robot/ros2_ws/install/robot_example/bin/config_manager
/root/Otomasi/Sistem-Otomasi-Robot/Robot/ros2_ws/install/robot_example/bin/hardware_monitor
/root/Otomasi/Sistem-Otomasi-Robot/Robot/ros2_ws/install/robot_example/bin/kinematics_processor
/root/Otomasi/Sistem-Otomasi-Robot/Robot/ros2_ws/install/robot_example/bin/robot_controller
/root/Otomasi/Sistem-Otomasi-Robot/Robot/ros2_ws/install/robot_example/bin/robot_listener
/root/Otomasi/Sistem-Otomasi-Robot/Robot/ros2_ws/install/robot_example/bin/robot_talker
