[0.412s] DEBUG:colcon:Command line arguments: ['/usr/bin/colcon', 'build', '--symlink-install']
[0.413s] DEBUG:colcon:Parsed command line arguments: Namespace(log_base=None, log_level=None, verb_name='build', build_base='build', install_base='install', merge_install=False, symlink_install=True, test_result_base=None, continue_on_error=False, executor='parallel', parallel_workers=4, event_handlers=None, ignore_user_meta=False, metas=['./colcon.meta'], base_paths=['.'], packages_ignore=None, packages_ignore_regex=None, paths=None, packages_up_to=None, packages_up_to_regex=None, packages_above=None, packages_above_and_dependencies=None, packages_above_depth=None, packages_select_by_dep=None, packages_skip_by_dep=None, packages_skip_up_to=None, packages_select_build_failed=False, packages_skip_build_finished=False, packages_select_test_failures=False, packages_skip_test_passed=False, packages_select=None, packages_skip=None, packages_select_regex=None, packages_skip_regex=None, packages_start=None, packages_end=None, allow_overriding=[], cmake_args=None, cmake_target=None, cmake_target_skip_unavailable=False, cmake_clean_cache=False, cmake_clean_first=False, cmake_force_configure=False, ament_cmake_args=None, catkin_cmake_args=None, catkin_skip_building_tests=False, verb_parser=<colcon_defaults.argument_parser.defaults.DefaultArgumentsDecorator object at 0x7f306ad3bf70>, verb_extension=<colcon_core.verb.build.BuildVerb object at 0x7f306ad3b6d0>, main=<bound method BuildVerb.main of <colcon_core.verb.build.BuildVerb object at 0x7f306ad3b6d0>>)
[1.430s] Level 1:colcon.colcon_core.package_discovery:discover_packages(colcon_meta) check parameters
[1.430s] Level 1:colcon.colcon_core.package_discovery:discover_packages(recursive) check parameters
[1.430s] Level 1:colcon.colcon_core.package_discovery:discover_packages(ignore) check parameters
[1.430s] Level 1:colcon.colcon_core.package_discovery:discover_packages(path) check parameters
[1.430s] Level 1:colcon.colcon_core.package_discovery:discover_packages(colcon_meta) discover
[1.430s] Level 1:colcon.colcon_core.package_discovery:discover_packages(recursive) discover
[1.430s] INFO:colcon.colcon_core.package_discovery:Crawling recursively for packages in '/root/Sistem-Otomasi-Robot/Robot-MiniPC'
[1.431s] Level 1:colcon.colcon_core.package_identification:_identify(.) by extensions ['ignore', 'ignore_ament_install']
[1.431s] Level 1:colcon.colcon_core.package_identification:_identify(.) by extension 'ignore'
[1.431s] Level 1:colcon.colcon_core.package_identification:_identify(.) by extension 'ignore_ament_install'
[1.431s] Level 1:colcon.colcon_core.package_identification:_identify(.) by extensions ['colcon_pkg']
[1.431s] Level 1:colcon.colcon_core.package_identification:_identify(.) by extension 'colcon_pkg'
[1.431s] Level 1:colcon.colcon_core.package_identification:_identify(.) by extensions ['colcon_meta']
[1.431s] Level 1:colcon.colcon_core.package_identification:_identify(.) by extension 'colcon_meta'
[1.431s] Level 1:colcon.colcon_core.package_identification:_identify(.) by extensions ['ros']
[1.431s] Level 1:colcon.colcon_core.package_identification:_identify(.) by extension 'ros'
[1.543s] Level 1:colcon.colcon_core.package_identification:_identify(.) by extensions ['cmake', 'python']
[1.544s] Level 1:colcon.colcon_core.package_identification:_identify(.) by extension 'cmake'
[1.544s] Level 1:colcon.colcon_core.package_identification:_identify(.) by extension 'python'
[1.545s] Level 1:colcon.colcon_core.package_identification:_identify(.) by extensions ['python_setup_py']
[1.545s] Level 1:colcon.colcon_core.package_identification:_identify(.) by extension 'python_setup_py'
[1.545s] Level 1:colcon.colcon_core.package_identification:_identify(build) by extensions ['ignore', 'ignore_ament_install']
[1.546s] Level 1:colcon.colcon_core.package_identification:_identify(build) by extension 'ignore'
[1.546s] Level 1:colcon.colcon_core.package_identification:_identify(build) ignored
[1.547s] Level 1:colcon.colcon_core.package_identification:_identify(install) by extensions ['ignore', 'ignore_ament_install']
[1.547s] Level 1:colcon.colcon_core.package_identification:_identify(install) by extension 'ignore'
[1.547s] Level 1:colcon.colcon_core.package_identification:_identify(install) ignored
[1.548s] Level 1:colcon.colcon_core.package_identification:_identify(log) by extensions ['ignore', 'ignore_ament_install']
[1.548s] Level 1:colcon.colcon_core.package_identification:_identify(log) by extension 'ignore'
[1.548s] Level 1:colcon.colcon_core.package_identification:_identify(log) ignored
[1.549s] Level 1:colcon.colcon_core.package_identification:_identify(src) by extensions ['ignore', 'ignore_ament_install']
[1.549s] Level 1:colcon.colcon_core.package_identification:_identify(src) by extension 'ignore'
[1.549s] Level 1:colcon.colcon_core.package_identification:_identify(src) by extension 'ignore_ament_install'
[1.550s] Level 1:colcon.colcon_core.package_identification:_identify(src) by extensions ['colcon_pkg']
[1.550s] Level 1:colcon.colcon_core.package_identification:_identify(src) by extension 'colcon_pkg'
[1.550s] Level 1:colcon.colcon_core.package_identification:_identify(src) by extensions ['colcon_meta']
[1.550s] Level 1:colcon.colcon_core.package_identification:_identify(src) by extension 'colcon_meta'
[1.551s] Level 1:colcon.colcon_core.package_identification:_identify(src) by extensions ['ros']
[1.551s] Level 1:colcon.colcon_core.package_identification:_identify(src) by extension 'ros'
[1.551s] Level 1:colcon.colcon_core.package_identification:_identify(src) by extensions ['cmake', 'python']
[1.552s] Level 1:colcon.colcon_core.package_identification:_identify(src) by extension 'cmake'
[1.552s] Level 1:colcon.colcon_core.package_identification:_identify(src) by extension 'python'
[1.552s] Level 1:colcon.colcon_core.package_identification:_identify(src) by extensions ['python_setup_py']
[1.552s] Level 1:colcon.colcon_core.package_identification:_identify(src) by extension 'python_setup_py'
[1.553s] Level 1:colcon.colcon_core.package_identification:_identify(src/robot_autonomous) by extensions ['ignore', 'ignore_ament_install']
[1.553s] Level 1:colcon.colcon_core.package_identification:_identify(src/robot_autonomous) by extension 'ignore'
[1.554s] Level 1:colcon.colcon_core.package_identification:_identify(src/robot_autonomous) by extension 'ignore_ament_install'
[1.554s] Level 1:colcon.colcon_core.package_identification:_identify(src/robot_autonomous) by extensions ['colcon_pkg']
[1.554s] Level 1:colcon.colcon_core.package_identification:_identify(src/robot_autonomous) by extension 'colcon_pkg'
[1.555s] Level 1:colcon.colcon_core.package_identification:_identify(src/robot_autonomous) by extensions ['colcon_meta']
[1.555s] Level 1:colcon.colcon_core.package_identification:_identify(src/robot_autonomous) by extension 'colcon_meta'
[1.555s] Level 1:colcon.colcon_core.package_identification:_identify(src/robot_autonomous) by extensions ['ros']
[1.555s] Level 1:colcon.colcon_core.package_identification:_identify(src/robot_autonomous) by extension 'ros'
[1.588s] DEBUG:colcon.colcon_core.package_identification:Package 'src/robot_autonomous' with type 'ros.ament_cmake' and name 'robot_autonomous'
[1.594s] Level 1:colcon.colcon_core.package_discovery:discover_packages(recursive) using defaults
[1.595s] Level 1:colcon.colcon_core.package_discovery:discover_packages(ignore) discover
[1.595s] Level 1:colcon.colcon_core.package_discovery:discover_packages(ignore) using defaults
[1.595s] Level 1:colcon.colcon_core.package_discovery:discover_packages(path) discover
[1.595s] Level 1:colcon.colcon_core.package_discovery:discover_packages(path) using defaults
[1.853s] Level 1:colcon.colcon_core.package_discovery:discover_packages(prefix_path) check parameters
[1.859s] Level 1:colcon.colcon_core.package_discovery:discover_packages(prefix_path) discover
[1.874s] DEBUG:colcon.colcon_installed_package_information.package_discovery:Found 1 installed packages in /root/Sistem-Otomasi-Robot/Robot-MiniPC/install
[1.890s] DEBUG:colcon.colcon_installed_package_information.package_discovery:Found 419 installed packages in /opt/ros/humble
[1.910s] Level 1:colcon.colcon_core.package_discovery:discover_packages(prefix_path) using defaults
[2.371s] Level 5:colcon.colcon_core.verb:set package 'robot_autonomous' build argument 'cmake_args' from command line to 'None'
[2.371s] Level 5:colcon.colcon_core.verb:set package 'robot_autonomous' build argument 'cmake_target' from command line to 'None'
[2.371s] Level 5:colcon.colcon_core.verb:set package 'robot_autonomous' build argument 'cmake_target_skip_unavailable' from command line to 'False'
[2.372s] Level 5:colcon.colcon_core.verb:set package 'robot_autonomous' build argument 'cmake_clean_cache' from command line to 'False'
[2.372s] Level 5:colcon.colcon_core.verb:set package 'robot_autonomous' build argument 'cmake_clean_first' from command line to 'False'
[2.372s] Level 5:colcon.colcon_core.verb:set package 'robot_autonomous' build argument 'cmake_force_configure' from command line to 'False'
[2.372s] Level 5:colcon.colcon_core.verb:set package 'robot_autonomous' build argument 'ament_cmake_args' from command line to 'None'
[2.372s] Level 5:colcon.colcon_core.verb:set package 'robot_autonomous' build argument 'catkin_cmake_args' from command line to 'None'
[2.373s] Level 5:colcon.colcon_core.verb:set package 'robot_autonomous' build argument 'catkin_skip_building_tests' from command line to 'False'
[2.373s] DEBUG:colcon.colcon_core.verb:Building package 'robot_autonomous' with the following arguments: {'ament_cmake_args': None, 'build_base': '/root/Sistem-Otomasi-Robot/Robot-MiniPC/build/robot_autonomous', 'catkin_cmake_args': None, 'catkin_skip_building_tests': False, 'cmake_args': None, 'cmake_clean_cache': False, 'cmake_clean_first': False, 'cmake_force_configure': False, 'cmake_target': None, 'cmake_target_skip_unavailable': False, 'install_base': '/root/Sistem-Otomasi-Robot/Robot-MiniPC/install/robot_autonomous', 'merge_install': False, 'path': '/root/Sistem-Otomasi-Robot/Robot-MiniPC/src/robot_autonomous', 'symlink_install': True, 'test_result_base': None}
[2.374s] INFO:colcon.colcon_core.executor:Executing jobs using 'parallel' executor
[2.391s] DEBUG:colcon.colcon_parallel_executor.executor.parallel:run_until_complete
[2.392s] INFO:colcon.colcon_ros.task.ament_cmake.build:Building ROS package in '/root/Sistem-Otomasi-Robot/Robot-MiniPC/src/robot_autonomous' with build type 'ament_cmake'
[2.392s] INFO:colcon.colcon_cmake.task.cmake.build:Building CMake package in '/root/Sistem-Otomasi-Robot/Robot-MiniPC/src/robot_autonomous'
[2.401s] INFO:colcon.colcon_core.plugin_system:Skipping extension 'colcon_core.shell.bat': Not used on non-Windows systems
[2.404s] INFO:colcon.colcon_core.shell:Skip shell extension 'powershell' for command environment: Not usable outside of PowerShell
[2.404s] DEBUG:colcon.colcon_core.shell:Skip shell extension 'dsv' for command environment
[2.516s] DEBUG:colcon.colcon_core.event_handler.log_command:Invoking command in '/root/Sistem-Otomasi-Robot/Robot-MiniPC/build/robot_autonomous': CMAKE_PREFIX_PATH=${CMAKE_PREFIX_PATH}:/opt/ros/humble /usr/bin/cmake --build /root/Sistem-Otomasi-Robot/Robot-MiniPC/build/robot_autonomous -- -j4 -l4
[4.360s] DEBUG:colcon.colcon_core.event_handler.log_command:Invoked command in '/root/Sistem-Otomasi-Robot/Robot-MiniPC/build/robot_autonomous' returned '0': CMAKE_PREFIX_PATH=${CMAKE_PREFIX_PATH}:/opt/ros/humble /usr/bin/cmake --build /root/Sistem-Otomasi-Robot/Robot-MiniPC/build/robot_autonomous -- -j4 -l4
[4.389s] DEBUG:colcon.colcon_core.event_handler.log_command:Invoking command in '/root/Sistem-Otomasi-Robot/Robot-MiniPC/build/robot_autonomous': CMAKE_PREFIX_PATH=${CMAKE_PREFIX_PATH}:/opt/ros/humble /usr/bin/cmake --install /root/Sistem-Otomasi-Robot/Robot-MiniPC/build/robot_autonomous
[4.673s] Level 1:colcon.colcon_core.environment:create_environment_scripts_only(robot_autonomous)
[4.674s] DEBUG:colcon.colcon_core.event_handler.log_command:Invoked command in '/root/Sistem-Otomasi-Robot/Robot-MiniPC/build/robot_autonomous' returned '0': CMAKE_PREFIX_PATH=${CMAKE_PREFIX_PATH}:/opt/ros/humble /usr/bin/cmake --install /root/Sistem-Otomasi-Robot/Robot-MiniPC/build/robot_autonomous
[4.682s] Level 1:colcon.colcon_core.environment:checking '/root/Sistem-Otomasi-Robot/Robot-MiniPC/install/robot_autonomous' for CMake module files
[4.684s] Level 1:colcon.colcon_core.environment:checking '/root/Sistem-Otomasi-Robot/Robot-MiniPC/install/robot_autonomous' for CMake config files
[4.687s] Level 1:colcon.colcon_core.shell:create_environment_hook('robot_autonomous', 'cmake_prefix_path')
[4.689s] INFO:colcon.colcon_core.shell:Creating environment hook '/root/Sistem-Otomasi-Robot/Robot-MiniPC/install/robot_autonomous/share/robot_autonomous/hook/cmake_prefix_path.ps1'
[4.692s] INFO:colcon.colcon_core.shell:Creating environment descriptor '/root/Sistem-Otomasi-Robot/Robot-MiniPC/install/robot_autonomous/share/robot_autonomous/hook/cmake_prefix_path.dsv'
[4.694s] INFO:colcon.colcon_core.shell:Creating environment hook '/root/Sistem-Otomasi-Robot/Robot-MiniPC/install/robot_autonomous/share/robot_autonomous/hook/cmake_prefix_path.sh'
[4.698s] Level 1:colcon.colcon_core.environment:checking '/root/Sistem-Otomasi-Robot/Robot-MiniPC/install/robot_autonomous/lib'
[4.701s] Level 1:colcon.colcon_core.environment:checking '/root/Sistem-Otomasi-Robot/Robot-MiniPC/install/robot_autonomous/bin'
[4.702s] Level 1:colcon.colcon_core.environment:checking '/root/Sistem-Otomasi-Robot/Robot-MiniPC/install/robot_autonomous/lib/pkgconfig/robot_autonomous.pc'
[4.703s] Level 1:colcon.colcon_core.environment:checking '/root/Sistem-Otomasi-Robot/Robot-MiniPC/install/robot_autonomous/lib/python3.10/site-packages'
[4.705s] Level 1:colcon.colcon_core.environment:checking '/root/Sistem-Otomasi-Robot/Robot-MiniPC/install/robot_autonomous/bin'
[4.706s] INFO:colcon.colcon_core.shell:Creating package script '/root/Sistem-Otomasi-Robot/Robot-MiniPC/install/robot_autonomous/share/robot_autonomous/package.ps1'
[4.711s] INFO:colcon.colcon_core.shell:Creating package descriptor '/root/Sistem-Otomasi-Robot/Robot-MiniPC/install/robot_autonomous/share/robot_autonomous/package.dsv'
[4.713s] INFO:colcon.colcon_core.shell:Creating package script '/root/Sistem-Otomasi-Robot/Robot-MiniPC/install/robot_autonomous/share/robot_autonomous/package.sh'
[4.716s] INFO:colcon.colcon_core.shell:Creating package script '/root/Sistem-Otomasi-Robot/Robot-MiniPC/install/robot_autonomous/share/robot_autonomous/package.bash'
[4.720s] INFO:colcon.colcon_core.shell:Creating package script '/root/Sistem-Otomasi-Robot/Robot-MiniPC/install/robot_autonomous/share/robot_autonomous/package.zsh'
[4.731s] Level 1:colcon.colcon_core.environment:create_file_with_runtime_dependencies(/root/Sistem-Otomasi-Robot/Robot-MiniPC/install/robot_autonomous/share/colcon-core/packages/robot_autonomous)
[4.735s] Level 1:colcon.colcon_core.environment:create_environment_scripts_only(robot_autonomous)
[4.736s] Level 1:colcon.colcon_core.environment:checking '/root/Sistem-Otomasi-Robot/Robot-MiniPC/install/robot_autonomous' for CMake module files
[4.738s] Level 1:colcon.colcon_core.environment:checking '/root/Sistem-Otomasi-Robot/Robot-MiniPC/install/robot_autonomous' for CMake config files
[4.740s] Level 1:colcon.colcon_core.shell:create_environment_hook('robot_autonomous', 'cmake_prefix_path')
[4.742s] INFO:colcon.colcon_core.shell:Creating environment hook '/root/Sistem-Otomasi-Robot/Robot-MiniPC/install/robot_autonomous/share/robot_autonomous/hook/cmake_prefix_path.ps1'
[4.745s] INFO:colcon.colcon_core.shell:Creating environment descriptor '/root/Sistem-Otomasi-Robot/Robot-MiniPC/install/robot_autonomous/share/robot_autonomous/hook/cmake_prefix_path.dsv'
[4.747s] INFO:colcon.colcon_core.shell:Creating environment hook '/root/Sistem-Otomasi-Robot/Robot-MiniPC/install/robot_autonomous/share/robot_autonomous/hook/cmake_prefix_path.sh'
[4.751s] Level 1:colcon.colcon_core.environment:checking '/root/Sistem-Otomasi-Robot/Robot-MiniPC/install/robot_autonomous/lib'
[4.752s] Level 1:colcon.colcon_core.environment:checking '/root/Sistem-Otomasi-Robot/Robot-MiniPC/install/robot_autonomous/bin'
[4.753s] Level 1:colcon.colcon_core.environment:checking '/root/Sistem-Otomasi-Robot/Robot-MiniPC/install/robot_autonomous/lib/pkgconfig/robot_autonomous.pc'
[4.755s] Level 1:colcon.colcon_core.environment:checking '/root/Sistem-Otomasi-Robot/Robot-MiniPC/install/robot_autonomous/lib/python3.10/site-packages'
[4.758s] Level 1:colcon.colcon_core.environment:checking '/root/Sistem-Otomasi-Robot/Robot-MiniPC/install/robot_autonomous/bin'
[4.761s] INFO:colcon.colcon_core.shell:Creating package script '/root/Sistem-Otomasi-Robot/Robot-MiniPC/install/robot_autonomous/share/robot_autonomous/package.ps1'
[4.764s] INFO:colcon.colcon_core.shell:Creating package descriptor '/root/Sistem-Otomasi-Robot/Robot-MiniPC/install/robot_autonomous/share/robot_autonomous/package.dsv'
[4.766s] INFO:colcon.colcon_core.shell:Creating package script '/root/Sistem-Otomasi-Robot/Robot-MiniPC/install/robot_autonomous/share/robot_autonomous/package.sh'
[4.769s] INFO:colcon.colcon_core.shell:Creating package script '/root/Sistem-Otomasi-Robot/Robot-MiniPC/install/robot_autonomous/share/robot_autonomous/package.bash'
[4.772s] INFO:colcon.colcon_core.shell:Creating package script '/root/Sistem-Otomasi-Robot/Robot-MiniPC/install/robot_autonomous/share/robot_autonomous/package.zsh'
[4.775s] Level 1:colcon.colcon_core.environment:create_file_with_runtime_dependencies(/root/Sistem-Otomasi-Robot/Robot-MiniPC/install/robot_autonomous/share/colcon-core/packages/robot_autonomous)
[4.777s] DEBUG:colcon.colcon_parallel_executor.executor.parallel:closing loop
[4.778s] DEBUG:colcon.colcon_parallel_executor.executor.parallel:loop closed
[4.778s] DEBUG:colcon.colcon_parallel_executor.executor.parallel:run_until_complete finished with '0'
[4.779s] DEBUG:colcon.colcon_core.event_reactor:joining thread
[4.790s] INFO:colcon.colcon_core.plugin_system:Skipping extension 'colcon_notification.desktop_notification.notify_send': Could not find 'notify-send'
[4.790s] INFO:colcon.colcon_core.plugin_system:Skipping extension 'colcon_notification.desktop_notification.terminal_notifier': Not used on non-Darwin systems
[4.790s] INFO:colcon.colcon_core.plugin_system:Skipping extension 'colcon_notification.desktop_notification.win32': Not used on non-Windows systems
[4.790s] INFO:colcon.colcon_notification.desktop_notification:Sending desktop notification using 'notify2'
[4.792s] DEBUG:colcon.colcon_notification.desktop_notification.notify2:Failed to initialize notify2: org.freedesktop.DBus.Error.ServiceUnknown: The name org.freedesktop.Notifications was not provided by any .service files
[4.795s] DEBUG:colcon.colcon_core.event_reactor:joined thread
[4.796s] INFO:colcon.colcon_core.shell:Creating prefix script '/root/Sistem-Otomasi-Robot/Robot-MiniPC/install/local_setup.ps1'
[4.799s] INFO:colcon.colcon_core.shell:Creating prefix util module '/root/Sistem-Otomasi-Robot/Robot-MiniPC/install/_local_setup_util_ps1.py'
[4.806s] INFO:colcon.colcon_core.shell:Creating prefix chain script '/root/Sistem-Otomasi-Robot/Robot-MiniPC/install/setup.ps1'
[4.814s] INFO:colcon.colcon_core.shell:Creating prefix script '/root/Sistem-Otomasi-Robot/Robot-MiniPC/install/local_setup.sh'
[4.817s] INFO:colcon.colcon_core.shell:Creating prefix util module '/root/Sistem-Otomasi-Robot/Robot-MiniPC/install/_local_setup_util_sh.py'
[4.828s] INFO:colcon.colcon_core.shell:Creating prefix chain script '/root/Sistem-Otomasi-Robot/Robot-MiniPC/install/setup.sh'
[4.834s] INFO:colcon.colcon_core.shell:Creating prefix script '/root/Sistem-Otomasi-Robot/Robot-MiniPC/install/local_setup.bash'
[4.837s] INFO:colcon.colcon_core.shell:Creating prefix chain script '/root/Sistem-Otomasi-Robot/Robot-MiniPC/install/setup.bash'
[4.843s] INFO:colcon.colcon_core.shell:Creating prefix script '/root/Sistem-Otomasi-Robot/Robot-MiniPC/install/local_setup.zsh'
[4.846s] INFO:colcon.colcon_core.shell:Creating prefix chain script '/root/Sistem-Otomasi-Robot/Robot-MiniPC/install/setup.zsh'
